TN:s21_matrix_oop_test
SF:/Library/Developer/CommandLineTools/SDKs/MacOSX.sdk/usr/include/c++/v1/math.h
FN:882,887,_Z3powB7v160006IiiENSt3__19enable_ifIXaasr3std13is_arithmeticIT_EE5valuesr3std13is_arithmeticIT0_EE5valueENS0_9__promoteIS2_S3_vEEE4type4typeES2_S3_
FNDA:18,_Z3powB7v160006IiiENSt3__19enable_ifIXaasr3std13is_arithmeticIT_EE5valuesr3std13is_arithmeticIT0_EE5valueENS0_9__promoteIS2_S3_vEEE4type4typeES2_S3_
FNF:1
FNH:1
DA:882,18
DA:887,18
LF:2
LH:2
end_of_record
TN:s21_matrix_oop_test
SF:/Library/Developer/CommandLineTools/SDKs/MacOSX.sdk/usr/include/c++/v1/stdexcept
FN:141,_ZNSt16invalid_argumentC1B7v160006EPKc
FN:141,_ZNSt16invalid_argumentC2B7v160006EPKc
FN:166,_ZNSt12out_of_rangeC1B7v160006EPKc
FN:166,_ZNSt12out_of_rangeC2B7v160006EPKc
FNDA:13,_ZNSt16invalid_argumentC1B7v160006EPKc
FNDA:13,_ZNSt16invalid_argumentC2B7v160006EPKc
FNDA:3,_ZNSt12out_of_rangeC1B7v160006EPKc
FNDA:3,_ZNSt12out_of_rangeC2B7v160006EPKc
FNF:4
FNH:4
DA:141,26
DA:166,6
LF:2
LH:2
end_of_record
TN:s21_matrix_oop_test
SF:/Users/dronoved/school_21/projects/matrix_plus/my/CPP1_s21_matrixplus-1/src/s21_matrix_oop.cpp
FN:103,113,_ZN9S21Matrix9SumMatrixERKS_
FN:115,125,_ZN9S21Matrix9SubMatrixERKS_
FN:127,137,_ZN9S21Matrix8EqMatrixERKS_
FN:140,146,_ZN9S21Matrix9MulNumberEd
FN:148,163,_ZN9S21MatrixaSERKS_
FN:168,170,_ZN9S21MatrixpLERKS_
FN:172,174,_ZN9S21MatrixmIERKS_
FN:176,178,_ZN9S21MatrixmLERKS_
FN:180,182,_ZN9S21MatrixmLERKd
FN:185,189,_ZN9S21MatrixclEii
FN:191,195,_ZNK9S21MatrixclEii
FN:197,201,_ZplRK9S21MatrixS1_
FN:202,206,_ZmiRK9S21MatrixS1_
FN:207,211,_ZmlRK9S21MatrixS1_
FN:213,217,_ZmlRK9S21MatrixRKd
FN:219,223,_ZmlRKdRK9S21Matrix
FN:225,235,_ZN9S21Matrix17s21_create_matrixEv
FN:237,242,_ZN9S21Matrix17s21_remove_matrixEv
FN:24,36,_ZN9S21Matrix15CalcComplementsEv
FN:246,246,_ZN9S21MatrixD1Ev
FN:246,246,_ZN9S21MatrixD2Ev
FN:248,252,_ZN9S21MatrixC1Ev
FN:248,252,_ZN9S21MatrixC2Ev
FN:254,261,_ZN9S21MatrixC1Eii
FN:254,261,_ZN9S21MatrixC2Eii
FN:263,274,_ZN9S21MatrixC1ERKS_
FN:263,274,_ZN9S21MatrixC2ERKS_
FN:276,283,_ZN9S21MatrixC1EOS_
FN:276,283,_ZN9S21MatrixC2EOS_
FN:287,287,_ZN9S21Matrix7GetRowsEv
FN:289,310,_ZN9S21Matrix7SetRowsEi
FN:312,312,_ZN9S21Matrix7GetColsEv
FN:314,334,_ZN9S21Matrix7SetColsEi
FN:38,55,_ZN9S21Matrix9s21_minorEii
FN:5,22,_ZN9S21Matrix13InverseMatrixEv
FN:57,72,_ZN9S21Matrix11DeterminantEv
FN:74,82,_ZN9S21Matrix9TransposeEv
FN:84,101,_ZN9S21Matrix9MulMatrixERKS_
FNDA:4,_ZN9S21Matrix9SumMatrixERKS_
FNDA:4,_ZN9S21Matrix9SubMatrixERKS_
FNDA:26,_ZN9S21Matrix8EqMatrixERKS_
FNDA:4,_ZN9S21Matrix9MulNumberEd
FNDA:9,_ZN9S21MatrixaSERKS_
FNDA:2,_ZN9S21MatrixpLERKS_
FNDA:2,_ZN9S21MatrixmIERKS_
FNDA:3,_ZN9S21MatrixmLERKS_
FNDA:2,_ZN9S21MatrixmLERKd
FNDA:741,_ZN9S21MatrixclEii
FNDA:3,_ZNK9S21MatrixclEii
FNDA:2,_ZplRK9S21MatrixS1_
FNDA:2,_ZmiRK9S21MatrixS1_
FNDA:3,_ZmlRK9S21MatrixS1_
FNDA:1,_ZmlRK9S21MatrixRKd
FNDA:1,_ZmlRKdRK9S21Matrix
FNDA:129,_ZN9S21Matrix17s21_create_matrixEv
FNDA:159,_ZN9S21Matrix17s21_remove_matrixEv
FNDA:4,_ZN9S21Matrix15CalcComplementsEv
FNDA:144,_ZN9S21MatrixD1Ev
FNDA:144,_ZN9S21MatrixD2Ev
FNDA:4,_ZN9S21MatrixC1Ev
FNDA:4,_ZN9S21MatrixC2Ev
FNDA:120,_ZN9S21MatrixC1Eii
FNDA:120,_ZN9S21MatrixC2Eii
FNDA:20,_ZN9S21MatrixC1ERKS_
FNDA:20,_ZN9S21MatrixC2ERKS_
FNDA:1,_ZN9S21MatrixC1EOS_
FNDA:1,_ZN9S21MatrixC2EOS_
FNDA:295,_ZN9S21Matrix7GetRowsEv
FNDA:5,_ZN9S21Matrix7SetRowsEi
FNDA:961,_ZN9S21Matrix7GetColsEv
FNDA:5,_ZN9S21Matrix7SetColsEi
FNDA:25,_ZN9S21Matrix9s21_minorEii
FNDA:3,_ZN9S21Matrix13InverseMatrixEv
FNDA:28,_ZN9S21Matrix11DeterminantEv
FNDA:2,_ZN9S21Matrix9TransposeEv
FNDA:9,_ZN9S21Matrix9MulMatrixERKS_
FNF:38
FNH:38
DA:5,3
DA:6,3
DA:7,1
DA:9,2
DA:10,1
DA:11,1
DA:13,1
DA:14,1
DA:16,1
DA:17,1
DA:18,1
DA:19,1
DA:20,1
DA:21,1
DA:22,3
DA:24,4
DA:25,4
DA:26,1
DA:27,3
DA:28,2
DA:29,8
DA:30,24
DA:31,18
DA:32,18
DA:33,18
DA:34,6
DA:35,2
DA:36,5
DA:38,25
DA:39,25
DA:40,1
DA:41,24
DA:42,24
DA:43,24
DA:44,96
DA:45,288
DA:46,216
DA:47,96
DA:48,96
DA:49,96
DA:50,216
DA:51,72
DA:52,72
DA:53,72
DA:54,24
DA:55,24
DA:57,28
DA:58,28
DA:59,1
DA:60,27
DA:61,25
DA:63,2
DA:64,8
DA:65,6
DA:66,6
DA:67,6
DA:68,6
DA:69,6
DA:70,2
DA:72,27
DA:74,2
DA:75,2
DA:76,8
DA:77,27
DA:78,21
DA:79,21
DA:80,6
DA:81,2
DA:82,2
DA:84,9
DA:85,9
DA:87,9
DA:88,24
DA:89,63
DA:90,225
DA:91,180
DA:92,180
DA:93,45
DA:94,18
DA:95,6
DA:96,6
DA:97,3
DA:101,9
DA:103,4
DA:104,4
DA:105,8
DA:106,30
DA:107,24
DA:108,24
DA:109,6
DA:110,2
DA:111,2
DA:113,2
DA:115,4
DA:116,4
DA:117,8
DA:118,30
DA:119,24
DA:120,24
DA:121,6
DA:122,2
DA:123,2
DA:125,2
DA:127,26
DA:128,26
DA:129,26
DA:131,101
DA:132,313
DA:133,238
DA:134,1
DA:135,238
DA:136,75
DA:137,26
DA:140,4
DA:141,16
DA:142,57
DA:143,45
DA:144,45
DA:145,12
DA:146,4
DA:148,9
DA:149,9
DA:150,9
DA:151,9
DA:152,9
DA:154,9
DA:155,36
DA:157,36
DA:158,102
DA:159,75
DA:160,75
DA:161,27
DA:162,9
DA:163,9
DA:168,2
DA:169,2
DA:170,2
DA:172,2
DA:173,2
DA:174,2
DA:176,3
DA:177,3
DA:178,3
DA:180,2
DA:181,2
DA:182,2
DA:185,741
DA:186,741
DA:187,1
DA:188,740
DA:189,0
DA:191,3
DA:192,3
DA:193,1
DA:194,2
DA:195,0
DA:197,2
DA:198,2
DA:199,2
DA:200,1
DA:201,2
DA:202,2
DA:203,2
DA:204,2
DA:205,1
DA:206,2
DA:207,3
DA:208,3
DA:209,3
DA:210,2
DA:211,3
DA:213,1
DA:214,1
DA:215,1
DA:216,1
DA:217,1
DA:219,1
DA:220,1
DA:221,1
DA:222,1
DA:223,1
DA:225,129
DA:226,129
DA:227,493
DA:228,364
DA:229,364
DA:230,493
DA:231,1507
DA:232,1143
DA:233,1143
DA:234,364
DA:235,129
DA:237,159
DA:238,603
DA:239,444
DA:240,444
DA:241,159
DA:242,159
DA:246,288
DA:248,8
DA:249,4
DA:250,4
DA:251,4
DA:252,8
DA:254,240
DA:255,120
DA:256,119
DA:257,119
DA:258,119
DA:259,119
DA:260,1
DA:261,239
DA:263,40
DA:264,20
DA:265,20
DA:266,20
DA:267,73
DA:269,73
DA:270,239
DA:271,186
DA:272,186
DA:273,53
DA:274,40
DA:276,2
DA:277,1
DA:278,1
DA:279,1
DA:280,1
DA:281,1
DA:282,1
DA:283,2
DA:287,295
DA:289,5
DA:290,5
DA:291,1
DA:292,4
DA:293,1
DA:295,3
DA:296,3
DA:297,3
DA:298,3
DA:299,3
DA:301,18
DA:302,50
DA:303,35
DA:304,16
DA:306,19
DA:307,35
DA:308,15
DA:309,3
DA:310,4
DA:312,961
DA:314,5
DA:315,5
DA:316,1
DA:317,4
DA:318,1
DA:320,3
DA:321,3
DA:322,3
DA:323,3
DA:324,3
DA:325,12
DA:326,44
DA:327,35
DA:328,10
DA:330,25
DA:331,35
DA:332,9
DA:333,3
DA:334,4
LF:271
LH:269
end_of_record
