TN:test
SF:/Users/dronoved/Documents/github/C-CPP/QT_calculator_App/src/s21_SmartCalc_tests.c
FN:104,109,s21_smart_calc_12_fn
FN:112,117,s21_smart_calc_13_fn
FN:120,125,s21_smart_calc_14_fn
FN:128,133,s21_smart_calc_15_fn
FN:136,141,s21_smart_calc_16_fn
FN:144,149,s21_smart_calc_17_fn
FN:152,157,s21_smart_calc_18_fn
FN:16,21,s21_smart_calc_1_fn
FN:160,165,s21_smart_calc_19_fn
FN:168,173,s21_smart_calc_20_fn
FN:176,181,s21_smart_calc_21_fn
FN:184,189,s21_smart_calc_22_fn
FN:192,197,s21_smart_calc_23_fn
FN:200,205,s21_smart_calc_24_fn
FN:208,213,s21_smart_calc_25_fn
FN:216,221,s21_smart_calc_26_fn
FN:224,229,s21_smart_calc_27_fn
FN:232,237,s21_smart_calc_28_fn
FN:24,29,s21_smart_calc_2_fn
FN:240,245,s21_smart_calc_29_fn
FN:248,253,s21_smart_calc_30_fn
FN:256,261,s21_smart_calc_31_fn
FN:264,269,s21_smart_calc_32_fn
FN:272,277,s21_smart_calc_33_fn
FN:280,285,s21_smart_calc_34_fn
FN:288,293,s21_smart_calc_35_fn
FN:296,301,s21_smart_calc_36_fn
FN:304,309,s21_smart_calc_37_fn
FN:312,317,s21_smart_calc_38_fn
FN:32,37,s21_smart_calc_3_fn
FN:320,325,s21_smart_calc_39_fn
FN:328,334,s21_smart_calc_40_fn
FN:337,390,main
FN:40,45,s21_smart_calc_4_fn
FN:48,53,s21_smart_calc_5_fn
FN:56,61,s21_smart_calc_6_fn
FN:64,69,s21_smart_calc_7_fn
FN:72,77,s21_smart_calc_8_fn
FN:80,85,s21_smart_calc_9_fn
FN:88,93,s21_smart_calc_10_fn
FN:96,101,s21_smart_calc_11_fn
FNDA:1,s21_smart_calc_12_fn
FNDA:1,s21_smart_calc_13_fn
FNDA:1,s21_smart_calc_14_fn
FNDA:1,s21_smart_calc_15_fn
FNDA:1,s21_smart_calc_16_fn
FNDA:1,s21_smart_calc_17_fn
FNDA:1,s21_smart_calc_18_fn
FNDA:1,s21_smart_calc_1_fn
FNDA:1,s21_smart_calc_19_fn
FNDA:1,s21_smart_calc_20_fn
FNDA:1,s21_smart_calc_21_fn
FNDA:1,s21_smart_calc_22_fn
FNDA:1,s21_smart_calc_23_fn
FNDA:1,s21_smart_calc_24_fn
FNDA:1,s21_smart_calc_25_fn
FNDA:1,s21_smart_calc_26_fn
FNDA:1,s21_smart_calc_27_fn
FNDA:1,s21_smart_calc_28_fn
FNDA:1,s21_smart_calc_2_fn
FNDA:1,s21_smart_calc_29_fn
FNDA:1,s21_smart_calc_30_fn
FNDA:1,s21_smart_calc_31_fn
FNDA:1,s21_smart_calc_32_fn
FNDA:1,s21_smart_calc_33_fn
FNDA:1,s21_smart_calc_34_fn
FNDA:1,s21_smart_calc_35_fn
FNDA:1,s21_smart_calc_36_fn
FNDA:1,s21_smart_calc_37_fn
FNDA:1,s21_smart_calc_38_fn
FNDA:1,s21_smart_calc_3_fn
FNDA:1,s21_smart_calc_39_fn
FNDA:1,s21_smart_calc_40_fn
FNDA:41,main
FNDA:1,s21_smart_calc_4_fn
FNDA:1,s21_smart_calc_5_fn
FNDA:1,s21_smart_calc_6_fn
FNDA:1,s21_smart_calc_7_fn
FNDA:1,s21_smart_calc_8_fn
FNDA:1,s21_smart_calc_9_fn
FNDA:1,s21_smart_calc_10_fn
FNDA:1,s21_smart_calc_11_fn
FNF:41
FNH:41
DA:16,1
DA:18,1
DA:19,1
DA:21,1
DA:24,1
DA:26,1
DA:27,1
DA:29,1
DA:32,1
DA:34,1
DA:35,1
DA:37,1
DA:40,1
DA:42,1
DA:43,1
DA:45,1
DA:48,1
DA:50,1
DA:51,1
DA:53,1
DA:56,1
DA:58,1
DA:59,1
DA:61,1
DA:64,1
DA:66,1
DA:67,1
DA:69,1
DA:72,1
DA:74,1
DA:75,1
DA:77,1
DA:80,1
DA:82,1
DA:83,1
DA:85,1
DA:88,1
DA:90,1
DA:91,1
DA:93,1
DA:96,1
DA:98,1
DA:99,1
DA:101,1
DA:104,1
DA:106,1
DA:107,1
DA:109,1
DA:112,1
DA:114,1
DA:115,1
DA:117,1
DA:120,1
DA:122,1
DA:123,1
DA:125,1
DA:128,1
DA:130,1
DA:131,1
DA:133,1
DA:136,1
DA:138,1
DA:139,1
DA:141,1
DA:144,1
DA:146,1
DA:147,1
DA:149,1
DA:152,1
DA:154,1
DA:155,1
DA:157,1
DA:160,1
DA:162,1
DA:163,1
DA:165,1
DA:168,1
DA:170,1
DA:171,1
DA:173,1
DA:176,1
DA:178,1
DA:179,1
DA:181,1
DA:184,1
DA:186,1
DA:187,1
DA:189,1
DA:192,1
DA:194,1
DA:195,1
DA:197,1
DA:200,1
DA:202,1
DA:203,1
DA:205,1
DA:208,1
DA:210,1
DA:211,1
DA:213,1
DA:216,1
DA:218,1
DA:219,1
DA:221,1
DA:224,1
DA:226,1
DA:227,1
DA:229,1
DA:232,1
DA:234,1
DA:235,1
DA:237,1
DA:240,1
DA:242,1
DA:243,1
DA:245,1
DA:248,1
DA:250,1
DA:251,1
DA:253,1
DA:256,1
DA:258,1
DA:259,1
DA:261,1
DA:264,1
DA:266,1
DA:267,1
DA:269,1
DA:272,1
DA:274,1
DA:275,1
DA:277,1
DA:280,1
DA:282,1
DA:283,1
DA:285,1
DA:288,1
DA:290,1
DA:291,1
DA:293,1
DA:296,1
DA:298,1
DA:299,1
DA:301,1
DA:304,1
DA:306,1
DA:307,1
DA:309,1
DA:312,1
DA:314,1
DA:315,1
DA:317,1
DA:320,1
DA:322,1
DA:323,1
DA:325,1
DA:328,1
DA:330,1
DA:331,1
DA:334,1
DA:337,41
DA:339,41
DA:340,41
DA:341,41
DA:344,41
DA:345,41
DA:346,41
DA:347,41
DA:348,41
DA:349,41
DA:350,41
DA:351,41
DA:352,41
DA:353,41
DA:354,41
DA:355,41
DA:356,41
DA:357,41
DA:358,41
DA:359,41
DA:360,41
DA:361,41
DA:362,41
DA:363,41
DA:364,41
DA:365,41
DA:366,41
DA:367,41
DA:368,41
DA:369,41
DA:370,41
DA:371,41
DA:372,41
DA:373,41
DA:374,41
DA:375,41
DA:376,41
DA:377,41
DA:378,41
DA:379,41
DA:380,41
DA:381,41
DA:382,41
DA:383,41
DA:384,41
DA:386,41
DA:387,41
DA:388,41
DA:390,41
LF:209
LH:209
end_of_record
TN:test
SF:/Users/dronoved/Documents/github/C-CPP/QT_calculator_App/src/untitled_try/smart_calc.c
FN:110,130,notation_conversion
FN:133,142,left_shift
FN:145,148,isempty_node
FN:151,164,s21_combine_stacks
FN:167,183,s21_bracket_parser
FN:186,192,full_node
FN:195,242,s21_operator_parser
FN:245,251,move_node
FN:254,258,clear_node
FN:261,310,s21_function_parser
FN:313,319,cut
FN:321,334,s21_binary
FN:337,365,s21_unarny
FN:368,374,s21_num_parser
FN:377,382,s21_isoperator
FN:385,390,s21_isdigit
FN:393,398,s21_isfunction
FN:4,51,s21_smart_calc_double
FN:54,107,s21_smart_calc
FNDA:40,notation_conversion
FNDA:87,left_shift
FNDA:141,isempty_node
FNDA:40,s21_combine_stacks
FNDA:38,s21_bracket_parser
FNDA:50,full_node
FNDA:61,s21_operator_parser
FNDA:42,move_node
FNDA:79,clear_node
FNDA:25,s21_function_parser
FNDA:25,cut
FNDA:51,s21_binary
FNDA:36,s21_unarny
FNDA:88,s21_num_parser
FNDA:369,s21_isoperator
FNDA:387,s21_isdigit
FNDA:672,s21_isfunction
FNDA:1,s21_smart_calc_double
FNDA:39,s21_smart_calc
FNF:19
FNH:19
DA:4,1
DA:9,256
DA:10,255
DA:11,255
DA:12,255
DA:13,255
DA:14,255
DA:15,255
DA:16,255
DA:17,1
DA:18,1
DA:19,1
DA:21,1
DA:23,11
DA:24,10
DA:25,2
DA:26,2
DA:27,1
DA:28,1
DA:29,1
DA:30,1
DA:31,2
DA:32,10
DA:33,2
DA:34,2
DA:35,2
DA:36,2
DA:37,8
DA:38,1
DA:39,6
DA:40,2
DA:41,5
DA:42,3
DA:43,3
DA:45,1
DA:46,1
DA:47,1
DA:49,1
DA:50,1
DA:51,1
DA:54,39
DA:59,9984
DA:60,9945
DA:61,9945
DA:62,9945
DA:63,9945
DA:64,9945
DA:65,9945
DA:66,9945
DA:67,39
DA:68,39
DA:69,39
DA:71,39
DA:73,277
DA:74,238
DA:75,89
DA:76,89
DA:77,2
DA:78,2
DA:79,2
DA:80,2
DA:81,89
DA:82,238
DA:83,23
DA:84,23
DA:85,23
DA:86,23
DA:87,149
DA:88,13
DA:89,126
DA:90,59
DA:91,113
DA:92,35
DA:93,54
DA:95,39
DA:96,39
DA:97,39
DA:100,39
DA:101,212
DA:102,173
DA:103,173
DA:104,39
DA:105,39
DA:106,3
DA:107,39
DA:110,40
DA:111,40
DA:112,40
DA:113,291
DA:114,251
DA:115,52
DA:116,51
DA:117,51
DA:118,51
DA:119,52
DA:120,251
DA:121,36
DA:122,36
DA:123,36
DA:124,36
DA:125,36
DA:126,199
DA:129,40
DA:130,40
DA:133,87
DA:134,87
DA:135,87
DA:136,221
DA:137,134
DA:138,134
DA:139,87
DA:140,87
DA:141,87
DA:142,87
DA:145,141
DA:146,141
DA:147,141
DA:148,141
DA:151,40
DA:152,173
DA:153,133
DA:154,133
DA:155,133
DA:156,133
DA:157,40
DA:158,83
DA:159,46
DA:160,46
DA:161,46
DA:162,46
DA:163,37
DA:164,40
DA:167,38
DA:168,38
DA:169,54
DA:170,16
DA:171,16
DA:172,16
DA:174,38
DA:175,37
DA:176,37
DA:177,37
DA:178,2
DA:179,2
DA:180,2
DA:181,37
DA:182,38
DA:183,38
DA:186,50
DA:187,50
DA:188,50
DA:189,50
DA:190,50
DA:191,50
DA:192,50
DA:195,61
DA:196,61
DA:197,61
DA:198,7
DA:199,7
DA:200,7
DA:201,61
DA:202,14
DA:203,14
DA:204,54
DA:205,26
DA:206,12
DA:207,12
DA:209,14
DA:210,14
DA:211,40
DA:212,12
DA:213,12
DA:214,4
DA:215,4
DA:216,4
DA:217,4
DA:218,4
DA:219,8
DA:220,16
DA:221,8
DA:222,8
DA:224,8
DA:225,8
DA:227,26
DA:228,15
DA:229,3
DA:230,3
DA:232,12
DA:233,12
DA:234,14
DA:235,3
DA:236,1
DA:237,1
DA:239,2
DA:240,2
DA:241,2
DA:242,61
DA:245,42
DA:246,42
DA:247,42
DA:248,42
DA:249,42
DA:250,42
DA:251,42
DA:254,79
DA:255,79
DA:256,79
DA:257,79
DA:258,79
DA:261,25
DA:262,25
DA:263,25
DA:264,25
DA:265,5
DA:266,5
DA:267,3
DA:268,3
DA:269,5
DA:270,2
DA:271,2
DA:272,2
DA:273,25
DA:274,5
DA:275,5
DA:276,4
DA:277,4
DA:278,5
DA:279,1
DA:280,1
DA:281,1
DA:282,20
DA:283,3
DA:284,3
DA:285,15
DA:286,3
DA:287,3
DA:288,1
DA:289,1
DA:290,3
DA:291,1
DA:292,1
DA:293,2
DA:294,1
DA:295,1
DA:296,1
DA:297,12
DA:298,5
DA:299,5
DA:300,2
DA:301,2
DA:302,5
DA:303,3
DA:304,3
DA:305,3
DA:306,9
DA:307,4
DA:308,4
DA:309,4
DA:310,25
DA:313,25
DA:314,110
DA:315,85
DA:316,85
DA:317,85
DA:318,85
DA:319,25
DA:321,51
DA:322,51
DA:323,51
DA:324,16
DA:325,51
DA:326,13
DA:327,35
DA:328,13
DA:329,22
DA:330,5
DA:331,9
DA:332,3
DA:333,3
DA:334,51
DA:337,36
DA:338,36
DA:339,36
DA:340,3
DA:341,36
DA:342,4
DA:343,33
DA:344,3
DA:345,29
DA:346,1
DA:347,26
DA:348,1
DA:349,25
DA:350,1
DA:351,24
DA:352,1
DA:353,23
DA:354,2
DA:355,22
DA:356,2
DA:357,20
DA:358,3
DA:359,18
DA:360,4
DA:361,1
DA:362,15
DA:363,11
DA:364,11
DA:365,36
DA:368,88
DA:370,88
DA:371,88
DA:372,88
DA:373,88
DA:374,88
DA:377,369
DA:378,369
DA:379,369
DA:380,113
DA:381,113
DA:382,369
DA:385,387
DA:386,387
DA:387,387
DA:388,387
DA:389,387
DA:390,91
DA:393,672
DA:394,672
DA:395,672
DA:396,672
DA:397,672
DA:398,88
LF:334
LH:334
end_of_record
