TN:gcov_report
SF:/Users/dronoved/school_21/projects/matrix/C6_s21_matrix-3/src/s21_matrix.c
FN:107,119,s21_transpose
FN:122,140,s21_mult_matrix
FN:143,159,s21_create_matrix
FN:162,170,s21_remove_matrix
FN:172,186,s21_eq_matrix
FN:189,194,s21_eq_matrix_size
FN:197,209,s21_sum_matrix
FN:212,223,s21_sub_matrix
FN:226,238,s21_mult_number
FN:241,246,s21_init_matrix
FN:248,249,s21_is_bad_matrix
FN:3,29,s21_inverse_matrix
FN:31,49,s21_calc_complements
FN:52,69,s21_determinant
FN:72,87,determinant
FN:89,105,s21_minor
FNDA:5,s21_transpose
FNDA:6,s21_mult_matrix
FNDA:29364,s21_create_matrix
FNDA:29348,s21_remove_matrix
FNDA:36,s21_eq_matrix
FNDA:30,s21_eq_matrix_size
FNDA:8,s21_sum_matrix
FNDA:8,s21_sub_matrix
FNDA:8,s21_mult_number
FNDA:66,s21_init_matrix
FNDA:77,s21_is_bad_matrix
FNDA:5,s21_inverse_matrix
FNDA:6,s21_calc_complements
FNDA:71,s21_determinant
FNDA:29186,determinant
FNDA:29193,s21_minor
FNF:16
FNH:16
DA:3,5
DA:4,5
DA:6,5
DA:7,5
DA:9,4
DA:10,4
DA:11,4
DA:12,4
DA:13,4
DA:14,2
DA:17,2
DA:18,2
DA:20,2
DA:21,2
DA:22,2
DA:24,2
DA:25,2
DA:26,2
DA:27,4
DA:28,4
DA:29,5
DA:31,6
DA:32,6
DA:33,6
DA:34,6
DA:35,6
DA:36,5
DA:37,22
DA:38,78
DA:40,61
DA:41,61
DA:43,61
DA:44,61
DA:45,61
DA:46,61
DA:47,17
DA:48,5
DA:49,6
DA:52,71
DA:53,71
DA:55,71
DA:56,69
DA:57,20
DA:58,10
DA:59,59
DA:60,5
DA:62,54
DA:63,2
DA:65,52
DA:67,69
DA:68,69
DA:69,71
DA:72,29186
DA:73,29186
DA:74,40656
DA:75,20328
DA:77,8858
DA:78,37990
DA:80,29132
DA:81,29132
DA:82,29132
DA:83,29132
DA:84,29132
DA:85,8858
DA:87,29186
DA:89,29193
DA:90,29193
DA:91,128172
DA:92,447732
DA:93,348753
DA:94,168765
DA:95,168765
DA:96,348753
DA:97,89994
DA:98,179988
DA:99,118
DA:100,118
DA:101,89876
DA:103,348753
DA:104,98979
DA:105,29193
DA:107,5
DA:108,5
DA:109,5
DA:110,5
DA:111,4
DA:112,16
DA:113,55
DA:114,43
DA:115,43
DA:116,12
DA:117,4
DA:118,4
DA:119,5
DA:122,6
DA:123,6
DA:124,6
DA:126,11
DA:127,5
DA:128,22
DA:129,82
DA:130,290
DA:131,225
DA:135,225
DA:136,65
DA:137,17
DA:138,5
DA:139,5
DA:140,6
DA:143,29364
DA:144,29364
DA:145,29364
DA:146,29358
DA:147,29358
DA:148,99738
DA:149,70380
DA:150,70380
DA:151,29358
DA:152,29358
DA:153,99738
DA:154,252522
DA:155,182142
DA:156,182142
DA:157,70380
DA:158,29358
DA:159,29364
DA:162,29348
DA:163,99684
DA:164,70336
DA:165,70336
DA:166,29348
DA:167,29348
DA:168,29348
DA:169,29348
DA:170,29348
DA:172,36
DA:173,36
DA:175,36
DA:176,36
DA:177,36
DA:178,36
DA:180,161
DA:181,589
DA:182,464
DA:183,464
DA:184,125
DA:186,36
DA:189,30
DA:190,30
DA:191,30
DA:192,28
DA:193,28
DA:194,30
DA:197,8
DA:198,8
DA:199,8
DA:201,8
DA:202,35
DA:203,116
DA:204,88
DA:205,88
DA:206,28
DA:207,7
DA:208,7
DA:209,8
DA:212,8
DA:213,8
DA:214,8
DA:215,8
DA:216,35
DA:217,116
DA:218,88
DA:219,88
DA:220,28
DA:221,7
DA:222,7
DA:223,8
DA:226,8
DA:227,8
DA:228,8
DA:229,7
DA:230,7
DA:231,31
DA:232,98
DA:233,74
DA:234,74
DA:235,24
DA:236,7
DA:238,8
DA:241,66
DA:242,311
DA:243,1176
DA:244,931
DA:245,245
DA:246,66
DA:248,77
DA:249,77
LF:197
LH:197
end_of_record
TN:gcov_report
SF:/Users/dronoved/school_21/projects/matrix/C6_s21_matrix-3/src/s21_test.c
FN:1022,1052,s21_mult_number_04_fn
FN:1055,1078,s21_mult_number_05_fn
FN:1081,1095,s21_mult_number_06_fn
FN:1098,1147,s21_mult_matrix_01_fn
FN:112,122,s21_remove_matrix_02_fn
FN:1150,1192,s21_mult_matrix_02_fn
FN:1195,1237,s21_mult_matrix_03_fn
FN:1240,1282,s21_mult_matrix_04_fn
FN:125,135,s21_remove_matrix_03_fn
FN:1285,1312,s21_mult_matrix_05_fn
FN:13,20,s21_create_matrix_01_fn
FN:1328,1347,s21_mult_matrix_07_fn
FN:1350,1357,s21_transpose_01_fn
FN:1360,1381,s21_transpose_02_fn
FN:138,148,s21_remove_matrix_04_fn
FN:1384,1406,s21_transpose_03_fn
FN:1409,1417,s21_determinant_01_fn
FN:1420,1429,s21_determinant_02_fn
FN:1432,1442,s21_determinant_03_fn
FN:1445,1463,s21_determinant_04_fn
FN:1466,1479,s21_determinant_05_fn
FN:1482,1492,s21_determinant_06_fn
FN:1495,1547,s21_calc_complements_01_fn
FN:151,161,s21_remove_matrix_05_fn
FN:1550,1602,s21_calc_complements_02_fn
FN:1605,1629,s21_calc_complements_03_fn
FN:1632,1643,s21_calc_complements_04_fn
FN:164,181,s21_eq_matrix_01_fn
FN:1646,1698,s21_inverse_matrix_01_fn
FN:1701,1712,s21_inverse_matrix_03_fn
FN:1715,1726,s21_inverse_matrix_04_fn
FN:1729,1740,s21_inverse_matrix_05_fn
FN:1743,1782,s21_inverse_matrix_06_fn
FN:1785,1873,main
FN:184,201,s21_eq_matrix_02_fn
FN:204,221,s21_eq_matrix_03_fn
FN:224,241,s21_eq_matrix_04_fn
FN:23,30,s21_create_matrix_02_fn
FN:244,257,s21_eq_matrix_05_fn
FN:260,277,s21_eq_matrix_06_fn
FN:280,324,s21_sum_matrix_01_fn
FN:327,371,s21_sum_matrix_02_fn
FN:33,40,s21_create_matrix_03_fn
FN:374,416,s21_sum_matrix_03_fn
FN:419,461,s21_sum_matrix_04_fn
FN:43,50,s21_create_matrix_04_fn
FN:464,498,s21_sum_matrix_05_fn
FN:501,535,s21_sum_matrix_06_fn
FN:53,60,s21_create_matrix_05_fn
FN:538,572,s21_sum_matrix_07_fn
FN:575,592,s21_sum_matrix_08_fn
FN:595,637,s21_sub_matrix_01_fn
FN:63,69,s21_create_matrix_06_fn
FN:640,682,s21_sub_matrix_02_fn
FN:685,727,s21_sub_matrix_03_fn
FN:72,78,s21_create_matrix_07_fn
FN:730,772,s21_sub_matrix_04_fn
FN:775,809,s21_sub_matrix_05_fn
FN:81,87,s21_create_matrix_08_fn
FN:812,846,s21_sub_matrix_06_fn
FN:849,883,s21_sub_matrix_07_fn
FN:886,903,s21_sub_matrix_08_fn
FN:90,96,s21_create_matrix_09_fn
FN:906,945,s21_mult_number_01_fn
FN:948,986,s21_mult_number_02_fn
FN:989,1019,s21_mult_number_03_fn
FN:99,109,s21_remove_matrix_01_fn
FNDA:1,s21_mult_number_04_fn
FNDA:1,s21_mult_number_05_fn
FNDA:1,s21_mult_number_06_fn
FNDA:1,s21_mult_matrix_01_fn
FNDA:1,s21_remove_matrix_02_fn
FNDA:1,s21_mult_matrix_02_fn
FNDA:1,s21_mult_matrix_03_fn
FNDA:1,s21_mult_matrix_04_fn
FNDA:1,s21_remove_matrix_03_fn
FNDA:1,s21_mult_matrix_05_fn
FNDA:1,s21_create_matrix_01_fn
FNDA:1,s21_mult_matrix_07_fn
FNDA:1,s21_transpose_01_fn
FNDA:1,s21_transpose_02_fn
FNDA:1,s21_remove_matrix_04_fn
FNDA:1,s21_transpose_03_fn
FNDA:1,s21_determinant_01_fn
FNDA:1,s21_determinant_02_fn
FNDA:1,s21_determinant_03_fn
FNDA:1,s21_determinant_04_fn
FNDA:1,s21_determinant_05_fn
FNDA:1,s21_determinant_06_fn
FNDA:1,s21_calc_complements_01_fn
FNDA:1,s21_remove_matrix_05_fn
FNDA:1,s21_calc_complements_02_fn
FNDA:1,s21_calc_complements_03_fn
FNDA:1,s21_calc_complements_04_fn
FNDA:1,s21_eq_matrix_01_fn
FNDA:1,s21_inverse_matrix_01_fn
FNDA:1,s21_inverse_matrix_03_fn
FNDA:1,s21_inverse_matrix_04_fn
FNDA:1,s21_inverse_matrix_05_fn
FNDA:1,s21_inverse_matrix_06_fn
FNDA:67,main
FNDA:1,s21_eq_matrix_02_fn
FNDA:1,s21_eq_matrix_03_fn
FNDA:1,s21_eq_matrix_04_fn
FNDA:1,s21_create_matrix_02_fn
FNDA:1,s21_eq_matrix_05_fn
FNDA:1,s21_eq_matrix_06_fn
FNDA:1,s21_sum_matrix_01_fn
FNDA:1,s21_sum_matrix_02_fn
FNDA:1,s21_create_matrix_03_fn
FNDA:1,s21_sum_matrix_03_fn
FNDA:1,s21_sum_matrix_04_fn
FNDA:1,s21_create_matrix_04_fn
FNDA:1,s21_sum_matrix_05_fn
FNDA:1,s21_sum_matrix_06_fn
FNDA:1,s21_create_matrix_05_fn
FNDA:1,s21_sum_matrix_07_fn
FNDA:1,s21_sum_matrix_08_fn
FNDA:1,s21_sub_matrix_01_fn
FNDA:1,s21_create_matrix_06_fn
FNDA:1,s21_sub_matrix_02_fn
FNDA:1,s21_sub_matrix_03_fn
FNDA:1,s21_create_matrix_07_fn
FNDA:1,s21_sub_matrix_04_fn
FNDA:1,s21_sub_matrix_05_fn
FNDA:1,s21_create_matrix_08_fn
FNDA:1,s21_sub_matrix_06_fn
FNDA:1,s21_sub_matrix_07_fn
FNDA:1,s21_sub_matrix_08_fn
FNDA:1,s21_create_matrix_09_fn
FNDA:1,s21_mult_number_01_fn
FNDA:1,s21_mult_number_02_fn
FNDA:1,s21_mult_number_03_fn
FNDA:1,s21_remove_matrix_01_fn
FNF:67
FNH:67
DA:13,1
DA:14,1
DA:15,1
DA:17,1
DA:18,1
DA:19,1
DA:20,1
DA:23,1
DA:24,1
DA:25,1
DA:27,1
DA:28,1
DA:29,1
DA:30,1
DA:33,1
DA:34,1
DA:35,1
DA:37,1
DA:38,1
DA:39,1
DA:40,1
DA:43,1
DA:44,1
DA:45,1
DA:47,1
DA:48,1
DA:49,1
DA:50,1
DA:53,1
DA:54,1
DA:55,1
DA:57,1
DA:58,1
DA:59,1
DA:60,1
DA:63,1
DA:64,1
DA:65,1
DA:67,1
DA:68,1
DA:69,1
DA:72,1
DA:73,1
DA:74,1
DA:76,1
DA:77,1
DA:78,1
DA:81,1
DA:82,1
DA:83,1
DA:85,1
DA:86,1
DA:87,1
DA:90,1
DA:91,1
DA:92,1
DA:94,1
DA:95,1
DA:96,1
DA:99,1
DA:100,1
DA:101,1
DA:103,1
DA:104,1
DA:105,1
DA:106,0
DA:107,0
DA:108,1
DA:109,1
DA:112,1
DA:113,1
DA:114,1
DA:116,1
DA:117,1
DA:118,1
DA:119,0
DA:120,0
DA:121,1
DA:122,1
DA:125,1
DA:126,1
DA:127,1
DA:129,1
DA:130,1
DA:131,1
DA:132,0
DA:133,0
DA:134,1
DA:135,1
DA:138,1
DA:139,1
DA:140,1
DA:142,1
DA:143,1
DA:144,1
DA:145,0
DA:146,0
DA:147,1
DA:148,1
DA:151,1
DA:152,1
DA:153,1
DA:155,1
DA:156,1
DA:157,1
DA:158,0
DA:159,0
DA:160,1
DA:161,1
DA:164,1
DA:165,1
DA:166,1
DA:167,1
DA:169,1
DA:170,1
DA:172,1
DA:173,1
DA:175,1
DA:177,1
DA:178,1
DA:180,1
DA:181,1
DA:184,1
DA:185,1
DA:186,1
DA:187,1
DA:189,1
DA:190,1
DA:192,1
DA:193,1
DA:195,1
DA:197,1
DA:198,1
DA:200,1
DA:201,1
DA:204,1
DA:205,1
DA:206,1
DA:207,1
DA:209,1
DA:210,1
DA:212,1
DA:213,1
DA:215,1
DA:217,1
DA:218,1
DA:220,1
DA:221,1
DA:224,1
DA:225,1
DA:226,1
DA:227,1
DA:229,1
DA:230,1
DA:232,1
DA:233,1
DA:235,1
DA:237,1
DA:238,1
DA:240,1
DA:241,1
DA:244,1
DA:245,1
DA:246,1
DA:247,1
DA:249,1
DA:250,1
DA:251,1
DA:252,1
DA:253,1
DA:254,1
DA:255,1
DA:256,1
DA:257,1
DA:260,1
DA:261,1
DA:262,1
DA:263,1
DA:265,1
DA:266,1
DA:268,1
DA:269,1
DA:271,1
DA:273,1
DA:274,1
DA:276,1
DA:277,1
DA:280,1
DA:281,1
DA:282,1
DA:283,1
DA:284,1
DA:285,1
DA:287,1
DA:288,1
DA:290,1
DA:291,1
DA:295,1
DA:297,1
DA:299,1
DA:300,1
DA:301,1
DA:302,1
DA:303,1
DA:304,1
DA:305,1
DA:306,1
DA:307,1
DA:308,1
DA:309,1
DA:310,1
DA:311,1
DA:312,1
DA:313,1
DA:314,1
DA:316,1
DA:318,1
DA:319,1
DA:320,1
DA:321,1
DA:323,1
DA:324,1
DA:327,1
DA:328,1
DA:329,1
DA:330,1
DA:331,1
DA:332,1
DA:334,1
DA:335,1
DA:337,1
DA:338,1
DA:342,1
DA:344,1
DA:346,1
DA:347,1
DA:348,1
DA:349,1
DA:350,1
DA:351,1
DA:352,1
DA:353,1
DA:354,1
DA:355,1
DA:356,1
DA:357,1
DA:358,1
DA:359,1
DA:360,1
DA:361,1
DA:363,1
DA:365,1
DA:366,1
DA:367,1
DA:368,1
DA:370,1
DA:371,1
DA:374,1
DA:375,1
DA:376,1
DA:377,1
DA:378,1
DA:379,1
DA:381,1
DA:382,1
DA:384,1
DA:385,1
DA:387,1
DA:389,1
DA:391,1
DA:392,1
DA:393,1
DA:394,1
DA:395,1
DA:396,1
DA:397,1
DA:398,1
DA:399,1
DA:400,1
DA:401,1
DA:402,1
DA:403,1
DA:404,1
DA:405,1
DA:406,1
DA:408,1
DA:410,1
DA:411,1
DA:412,1
DA:413,1
DA:415,1
DA:416,1
DA:419,1
DA:420,1
DA:421,1
DA:422,1
DA:423,1
DA:424,1
DA:426,1
DA:427,1
DA:429,1
DA:430,1
DA:432,1
DA:434,1
DA:436,1
DA:437,1
DA:438,1
DA:439,1
DA:440,1
DA:441,1
DA:442,1
DA:443,1
DA:444,1
DA:445,1
DA:446,1
DA:447,1
DA:448,1
DA:449,1
DA:450,1
DA:451,1
DA:453,1
DA:455,1
DA:456,1
DA:457,1
DA:458,1
DA:460,1
DA:461,1
DA:464,1
DA:465,1
DA:466,1
DA:467,1
DA:468,1
DA:469,1
DA:471,1
DA:472,1
DA:474,1
DA:475,1
DA:477,1
DA:479,1
DA:481,1
DA:482,1
DA:483,1
DA:484,1
DA:485,1
DA:486,1
DA:487,1
DA:488,1
DA:490,1
DA:492,1
DA:493,1
DA:494,1
DA:495,1
DA:497,1
DA:498,1
DA:501,1
DA:502,1
DA:503,1
DA:504,1
DA:505,1
DA:506,1
DA:508,1
DA:509,1
DA:511,1
DA:512,1
DA:514,1
DA:516,1
DA:518,1
DA:519,1
DA:520,1
DA:521,1
DA:522,1
DA:523,1
DA:524,1
DA:525,1
DA:527,1
DA:529,1
DA:530,1
DA:531,1
DA:532,1
DA:534,1
DA:535,1
DA:538,1
DA:539,1
DA:540,1
DA:541,1
DA:542,1
DA:543,1
DA:545,1
DA:546,1
DA:548,1
DA:549,1
DA:551,1
DA:553,1
DA:555,1
DA:556,1
DA:557,1
DA:558,1
DA:559,1
DA:560,1
DA:561,1
DA:562,1
DA:564,1
DA:566,1
DA:567,1
DA:568,1
DA:569,1
DA:571,1
DA:572,1
DA:575,1
DA:576,1
DA:577,1
DA:578,1
DA:579,1
DA:581,1
DA:583,1
DA:585,1
DA:587,1
DA:588,1
DA:589,1
DA:591,1
DA:592,1
DA:595,1
DA:596,1
DA:597,1
DA:598,1
DA:599,1
DA:600,1
DA:602,1
DA:603,1
DA:605,1
DA:606,1
DA:608,1
DA:610,1
DA:612,1
DA:613,1
DA:614,1
DA:615,1
DA:616,1
DA:617,1
DA:618,1
DA:619,1
DA:620,1
DA:621,1
DA:622,1
DA:623,1
DA:624,1
DA:625,1
DA:626,1
DA:627,1
DA:629,1
DA:631,1
DA:632,1
DA:633,1
DA:634,1
DA:636,1
DA:637,1
DA:640,1
DA:641,1
DA:642,1
DA:643,1
DA:644,1
DA:645,1
DA:647,1
DA:648,1
DA:650,1
DA:651,1
DA:653,1
DA:655,1
DA:657,1
DA:658,1
DA:659,1
DA:660,1
DA:661,1
DA:662,1
DA:663,1
DA:664,1
DA:665,1
DA:666,1
DA:667,1
DA:668,1
DA:669,1
DA:670,1
DA:671,1
DA:672,1
DA:674,1
DA:676,1
DA:677,1
DA:678,1
DA:679,1
DA:681,1
DA:682,1
DA:685,1
DA:686,1
DA:687,1
DA:688,1
DA:689,1
DA:690,1
DA:692,1
DA:693,1
DA:695,1
DA:696,1
DA:698,1
DA:700,1
DA:702,1
DA:703,1
DA:704,1
DA:705,1
DA:706,1
DA:707,1
DA:708,1
DA:709,1
DA:710,1
DA:711,1
DA:712,1
DA:713,1
DA:714,1
DA:715,1
DA:716,1
DA:717,1
DA:719,1
DA:721,1
DA:722,1
DA:723,1
DA:724,1
DA:726,1
DA:727,1
DA:730,1
DA:731,1
DA:732,1
DA:733,1
DA:734,1
DA:735,1
DA:737,1
DA:738,1
DA:740,1
DA:741,1
DA:743,1
DA:745,1
DA:747,1
DA:748,1
DA:749,1
DA:750,1
DA:751,1
DA:752,1
DA:753,1
DA:754,1
DA:755,1
DA:756,1
DA:757,1
DA:758,1
DA:759,1
DA:760,1
DA:761,1
DA:762,1
DA:764,1
DA:766,1
DA:767,1
DA:768,1
DA:769,1
DA:771,1
DA:772,1
DA:775,1
DA:776,1
DA:777,1
DA:778,1
DA:779,1
DA:780,1
DA:782,1
DA:783,1
DA:785,1
DA:786,1
DA:788,1
DA:790,1
DA:792,1
DA:793,1
DA:794,1
DA:795,1
DA:796,1
DA:797,1
DA:798,1
DA:799,1
DA:801,1
DA:803,1
DA:804,1
DA:805,1
DA:806,1
DA:808,1
DA:809,1
DA:812,1
DA:813,1
DA:814,1
DA:815,1
DA:816,1
DA:817,1
DA:819,1
DA:820,1
DA:822,1
DA:823,1
DA:825,1
DA:827,1
DA:829,1
DA:830,1
DA:831,1
DA:832,1
DA:833,1
DA:834,1
DA:835,1
DA:836,1
DA:838,1
DA:840,1
DA:841,1
DA:842,1
DA:843,1
DA:845,1
DA:846,1
DA:849,1
DA:850,1
DA:851,1
DA:852,1
DA:853,1
DA:854,1
DA:856,1
DA:857,1
DA:859,1
DA:860,1
DA:862,1
DA:864,1
DA:866,1
DA:867,1
DA:868,1
DA:869,1
DA:870,1
DA:871,1
DA:872,1
DA:873,1
DA:875,1
DA:877,1
DA:878,1
DA:879,1
DA:880,1
DA:882,1
DA:883,1
DA:886,1
DA:887,1
DA:888,1
DA:889,1
DA:890,1
DA:892,1
DA:894,1
DA:896,1
DA:898,1
DA:899,1
DA:900,1
DA:902,1
DA:903,1
DA:906,1
DA:907,1
DA:908,1
DA:909,1
DA:910,1
DA:911,1
DA:913,1
DA:915,1
DA:917,1
DA:919,1
DA:921,1
DA:922,1
DA:923,1
DA:924,1
DA:925,1
DA:926,1
DA:927,1
DA:928,1
DA:929,1
DA:930,1
DA:931,1
DA:932,1
DA:933,1
DA:934,1
DA:935,1
DA:936,1
DA:938,1
DA:940,1
DA:941,1
DA:942,1
DA:944,1
DA:945,1
DA:948,1
DA:949,1
DA:950,1
DA:951,1
DA:952,1
DA:953,1
DA:955,1
DA:956,1
DA:958,1
DA:960,1
DA:962,1
DA:963,1
DA:964,1
DA:965,1
DA:966,1
DA:967,1
DA:968,1
DA:969,1
DA:970,1
DA:971,1
DA:972,1
DA:973,1
DA:974,1
DA:975,1
DA:976,1
DA:977,1
DA:979,1
DA:981,1
DA:982,1
DA:983,1
DA:985,1
DA:986,1
DA:989,1
DA:990,1
DA:991,1
DA:992,1
DA:993,1
DA:994,1
DA:996,1
DA:997,1
DA:999,1
DA:1001,1
DA:1003,1
DA:1004,1
DA:1005,1
DA:1006,1
DA:1007,1
DA:1008,1
DA:1009,1
DA:1010,1
DA:1012,1
DA:1014,1
DA:1015,1
DA:1016,1
DA:1018,1
DA:1019,1
DA:1022,1
DA:1023,1
DA:1024,1
DA:1025,1
DA:1026,1
DA:1027,1
DA:1029,1
DA:1030,1
DA:1032,1
DA:1034,1
DA:1036,1
DA:1037,1
DA:1038,1
DA:1039,1
DA:1040,1
DA:1041,1
DA:1042,1
DA:1043,1
DA:1045,1
DA:1047,1
DA:1048,1
DA:1049,1
DA:1051,1
DA:1052,1
DA:1055,1
DA:1056,1
DA:1057,1
DA:1058,1
DA:1059,1
DA:1060,1
DA:1062,1
DA:1063,1
DA:1065,1
DA:1067,1
DA:1069,1
DA:1071,1
DA:1073,1
DA:1074,1
DA:1075,1
DA:1077,1
DA:1078,1
DA:1081,1
DA:1082,1
DA:1083,1
DA:1084,1
DA:1085,1
DA:1087,1
DA:1089,1
DA:1091,1
DA:1092,1
DA:1094,1
DA:1095,1
DA:1098,1
DA:1099,1
DA:1100,1
DA:1101,1
DA:1102,1
DA:1103,1
DA:1105,1
DA:1106,1
DA:1108,1
DA:1109,1
DA:1111,1
DA:1113,1
DA:1115,1
DA:1116,1
DA:1117,1
DA:1118,1
DA:1119,1
DA:1120,1
DA:1121,1
DA:1122,1
DA:1123,1
DA:1124,1
DA:1125,1
DA:1126,1
DA:1127,1
DA:1128,1
DA:1129,1
DA:1130,1
DA:1139,1
DA:1141,1
DA:1142,1
DA:1143,1
DA:1144,1
DA:1146,1
DA:1147,1
DA:1150,1
DA:1151,1
DA:1152,1
DA:1153,1
DA:1154,1
DA:1155,1
DA:1157,1
DA:1158,1
DA:1160,1
DA:1161,1
DA:1163,1
DA:1165,1
DA:1167,1
DA:1168,1
DA:1169,1
DA:1170,1
DA:1171,1
DA:1172,1
DA:1173,1
DA:1174,1
DA:1175,1
DA:1176,1
DA:1177,1
DA:1178,1
DA:1179,1
DA:1180,1
DA:1181,1
DA:1182,1
DA:1184,1
DA:1186,1
DA:1187,1
DA:1188,1
DA:1189,1
DA:1191,1
DA:1192,1
DA:1195,1
DA:1196,1
DA:1197,1
DA:1198,1
DA:1199,1
DA:1200,1
DA:1202,1
DA:1203,1
DA:1205,1
DA:1206,1
DA:1208,1
DA:1210,1
DA:1212,1
DA:1213,1
DA:1214,1
DA:1215,1
DA:1216,1
DA:1217,1
DA:1218,1
DA:1219,1
DA:1220,1
DA:1221,1
DA:1222,1
DA:1223,1
DA:1224,1
DA:1225,1
DA:1226,1
DA:1227,1
DA:1229,1
DA:1231,1
DA:1232,1
DA:1233,1
DA:1234,1
DA:1236,1
DA:1237,1
DA:1240,1
DA:1241,1
DA:1242,1
DA:1243,1
DA:1244,1
DA:1245,1
DA:1247,1
DA:1248,1
DA:1250,1
DA:1251,1
DA:1253,1
DA:1255,1
DA:1257,1
DA:1258,1
DA:1259,1
DA:1260,1
DA:1261,1
DA:1262,1
DA:1263,1
DA:1264,1
DA:1265,1
DA:1266,1
DA:1267,1
DA:1268,1
DA:1269,1
DA:1270,1
DA:1271,1
DA:1272,1
DA:1274,1
DA:1276,1
DA:1277,1
DA:1278,1
DA:1279,1
DA:1281,1
DA:1282,1
DA:1285,1
DA:1286,1
DA:1287,1
DA:1288,1
DA:1289,1
DA:1290,1
DA:1292,1
DA:1293,1
DA:1295,1
DA:1296,1
DA:1298,1
DA:1300,1
DA:1302,1
DA:1304,1
DA:1306,1
DA:1307,1
DA:1308,1
DA:1309,1
DA:1311,1
DA:1312,1
DA:1328,1
DA:1329,1
DA:1330,1
DA:1331,1
DA:1332,1
DA:1334,1
DA:1335,1
DA:1337,1
DA:1338,1
DA:1340,1
DA:1342,1
DA:1343,1
DA:1344,1
DA:1346,1
DA:1347,1
DA:1350,1
DA:1351,1
DA:1352,1
DA:1354,1
DA:1355,1
DA:1356,1
DA:1357,1
DA:1360,1
DA:1361,1
DA:1362,1
DA:1363,1
DA:1364,1
DA:1366,1
DA:1367,1
DA:1369,1
DA:1370,1
DA:1372,1
DA:1373,1
DA:1375,1
DA:1377,1
DA:1378,1
DA:1379,1
DA:1380,1
DA:1381,1
DA:1384,1
DA:1385,1
DA:1386,1
DA:1387,1
DA:1388,1
DA:1390,1
DA:1391,1
DA:1392,1
DA:1393,1
DA:1394,1
DA:1395,1
DA:1396,1
DA:1397,1
DA:1398,1
DA:1400,1
DA:1401,1
DA:1402,1
DA:1403,1
DA:1404,1
DA:1405,1
DA:1406,1
DA:1409,1
DA:1410,1
DA:1411,1
DA:1412,1
DA:1414,1
DA:1415,1
DA:1416,1
DA:1417,1
DA:1420,1
DA:1421,1
DA:1422,1
DA:1423,1
DA:1424,1
DA:1426,1
DA:1427,1
DA:1428,1
DA:1429,1
DA:1432,1
DA:1433,1
DA:1434,1
DA:1436,1
DA:1437,1
DA:1439,1
DA:1440,1
DA:1441,1
DA:1442,1
DA:1445,1
DA:1446,1
DA:1447,1
DA:1449,1
DA:1450,1
DA:1451,1
DA:1452,1
DA:1453,1
DA:1454,1
DA:1455,1
DA:1456,1
DA:1457,1
DA:1458,1
DA:1460,1
DA:1461,1
DA:1462,1
DA:1463,1
DA:1466,1
DA:1467,1
DA:1468,1
DA:1470,1
DA:1471,1
DA:1472,1
DA:1473,1
DA:1474,1
DA:1476,1
DA:1477,1
DA:1478,1
DA:1479,1
DA:1482,1
DA:1483,1
DA:1484,1
DA:1486,1
DA:1487,1
DA:1489,1
DA:1490,1
DA:1491,1
DA:1492,1
DA:1495,1
DA:1496,1
DA:1497,1
DA:1498,1
DA:1499,1
DA:1501,1
DA:1502,1
DA:1503,1
DA:1504,1
DA:1505,1
DA:1506,1
DA:1507,1
DA:1508,1
DA:1509,1
DA:1510,1
DA:1511,1
DA:1512,1
DA:1513,1
DA:1514,1
DA:1515,1
DA:1516,1
DA:1517,1
DA:1519,1
DA:1521,1
DA:1523,1
DA:1524,1
DA:1525,1
DA:1526,1
DA:1527,1
DA:1528,1
DA:1529,1
DA:1530,1
DA:1531,1
DA:1532,1
DA:1533,1
DA:1534,1
DA:1535,1
DA:1536,1
DA:1537,1
DA:1538,1
DA:1540,1
DA:1542,1
DA:1543,1
DA:1544,1
DA:1546,1
DA:1547,1
DA:1550,1
DA:1551,1
DA:1552,1
DA:1553,1
DA:1554,1
DA:1556,1
DA:1557,1
DA:1558,1
DA:1559,1
DA:1560,1
DA:1561,1
DA:1562,1
DA:1563,1
DA:1564,1
DA:1565,1
DA:1566,1
DA:1567,1
DA:1568,1
DA:1569,1
DA:1570,1
DA:1571,1
DA:1572,1
DA:1574,1
DA:1576,1
DA:1578,1
DA:1579,1
DA:1580,1
DA:1581,1
DA:1582,1
DA:1583,1
DA:1584,1
DA:1585,1
DA:1586,1
DA:1587,1
DA:1588,1
DA:1589,1
DA:1590,1
DA:1591,1
DA:1592,1
DA:1593,1
DA:1595,1
DA:1597,1
DA:1598,1
DA:1599,1
DA:1601,1
DA:1602,1
DA:1605,1
DA:1606,1
DA:1607,1
DA:1608,1
DA:1610,1
DA:1611,1
DA:1612,1
DA:1613,1
DA:1614,1
DA:1615,1
DA:1616,1
DA:1617,1
DA:1618,1
DA:1619,1
DA:1620,1
DA:1621,1
DA:1622,1
DA:1624,1
DA:1626,1
DA:1628,1
DA:1629,1
DA:1632,1
DA:1633,1
DA:1634,1
DA:1635,1
DA:1637,1
DA:1640,1
DA:1642,1
DA:1643,1
DA:1646,1
DA:1647,1
DA:1648,1
DA:1649,1
DA:1650,1
DA:1652,1
DA:1653,1
DA:1654,1
DA:1655,1
DA:1656,1
DA:1657,1
DA:1658,1
DA:1659,1
DA:1660,1
DA:1661,1
DA:1662,1
DA:1663,1
DA:1664,1
DA:1665,1
DA:1666,1
DA:1667,1
DA:1668,1
DA:1670,1
DA:1672,1
DA:1674,1
DA:1675,1
DA:1676,1
DA:1677,1
DA:1678,1
DA:1679,1
DA:1680,1
DA:1681,1
DA:1682,1
DA:1683,1
DA:1684,1
DA:1685,1
DA:1686,1
DA:1687,1
DA:1688,1
DA:1689,1
DA:1691,1
DA:1693,1
DA:1694,1
DA:1695,1
DA:1697,1
DA:1698,1
DA:1701,1
DA:1702,1
DA:1703,1
DA:1704,1
DA:1706,1
DA:1707,1
DA:1709,1
DA:1710,1
DA:1711,1
DA:1712,1
DA:1715,1
DA:1716,1
DA:1717,1
DA:1718,1
DA:1720,1
DA:1721,1
DA:1723,1
DA:1724,1
DA:1725,1
DA:1726,1
DA:1729,1
DA:1730,1
DA:1731,1
DA:1732,1
DA:1734,1
DA:1735,1
DA:1737,1
DA:1739,1
DA:1740,1
DA:1743,1
DA:1744,1
DA:1745,1
DA:1746,1
DA:1747,1
DA:1749,1
DA:1750,1
DA:1751,1
DA:1752,1
DA:1753,1
DA:1754,1
DA:1755,1
DA:1756,1
DA:1757,1
DA:1758,1
DA:1760,1
DA:1762,1
DA:1764,1
DA:1765,1
DA:1766,1
DA:1768,1
DA:1769,1
DA:1770,1
DA:1771,1
DA:1772,1
DA:1773,1
DA:1775,1
DA:1777,1
DA:1778,1
DA:1779,1
DA:1781,1
DA:1782,1
DA:1785,67
DA:1786,67
DA:1787,67
DA:1788,67
DA:1790,67
DA:1792,67
DA:1793,67
DA:1794,67
DA:1795,67
DA:1796,67
DA:1797,67
DA:1798,67
DA:1799,67
DA:1800,67
DA:1802,67
DA:1803,67
DA:1804,67
DA:1805,67
DA:1806,67
DA:1808,67
DA:1809,67
DA:1810,67
DA:1811,67
DA:1812,67
DA:1813,67
DA:1815,67
DA:1816,67
DA:1817,67
DA:1818,67
DA:1819,67
DA:1820,67
DA:1821,67
DA:1822,67
DA:1824,67
DA:1825,67
DA:1826,67
DA:1827,67
DA:1828,67
DA:1829,67
DA:1830,67
DA:1831,67
DA:1833,67
DA:1834,67
DA:1835,67
DA:1836,67
DA:1837,67
DA:1838,67
DA:1840,67
DA:1841,67
DA:1842,67
DA:1843,67
DA:1844,67
DA:1845,67
DA:1847,67
DA:1848,67
DA:1849,67
DA:1851,67
DA:1852,67
DA:1853,67
DA:1854,67
DA:1855,67
DA:1856,67
DA:1858,67
DA:1859,67
DA:1860,67
DA:1861,67
DA:1863,67
DA:1864,67
DA:1865,67
DA:1866,67
DA:1867,67
DA:1869,67
DA:1870,67
DA:1871,67
DA:1873,67
LF:1382
LH:1372
end_of_record
