TN:gcov_report
SF:/Users/dronoved/school_21/projects/decimal/FINAL/C5_s21_decimal-2/src/s21_decimal.c
FN:1010,1060,x10mant
FN:1062,1106,sd_getbit
FN:107,112,s21_is_less_or_equal
FN:1109,1167,sd_touchbit
FN:115,130,s21_is_greater
FN:1169,1176,sd_first1
FN:1179,1277,s21_mul
FN:12,69,s21_from_float_to_decimal
FN:1285,1319,sd_divx10
FN:1322,1338,sd_sleft
FN:133,138,s21_is_greater_or_equal
FN:1340,1345,sd_bank_rounding_div10
FN:1347,1370,sd_increase_mant_1
FN:1373,1391,s21_floor
FN:1394,1412,s21_round
FN:141,147,invert
FN:1415,1431,s21_from_decimal_to_float
FN:150,157,s21_is_equal
FN:160,167,s21_is_not_equal
FN:170,181,comparison
FN:184,215,divx10
FN:218,225,first1
FN:228,234,sleft
FN:236,296,x10dec
FN:299,299,getsig
FN:3,9,lengh
FN:301,332,remdivx10
FN:335,362,increase_mant_1
FN:365,375,bank_rounding_div10
FN:378,433,normalize
FN:436,459,s21_getbit
FN:462,481,s21_getmbit
FN:484,514,s21_touchbit
FN:516,535,getmbit
FN:538,561,getbit
FN:564,573,get_cap
FN:576,587,set_cap
FN:590,620,touchbit
FN:623,642,s21_from_int_to_decimal
FN:645,658,s21_from_decimal_to_int
FN:660,665,mmemset
FN:668,701,s21_add
FN:704,751,s21_sub
FN:73,78,s21_truncate
FN:754,761,s21_negate
FN:764,794,deadder
FN:797,854,adder
FN:81,86,getrank
FN:857,863,sright
FN:865,870,is_zero
FN:873,976,s21_div
FN:89,104,s21_is_less
FN:979,1007,adder_wo_normalize
FNDA:17,x10mant
FNDA:26719,sd_getbit
FNDA:7,s21_is_less_or_equal
FNDA:22467,sd_touchbit
FNDA:92,s21_is_greater
FNDA:19,sd_first1
FNDA:18,s21_mul
FNDA:9,s21_from_float_to_decimal
FNDA:0,sd_divx10
FNDA:0,sd_sleft
FNDA:86,s21_is_greater_or_equal
FNDA:0,sd_bank_rounding_div10
FNDA:0,sd_increase_mant_1
FNDA:4,s21_floor
FNDA:5,s21_round
FNDA:8,invert
FNDA:16,s21_from_decimal_to_float
FNDA:96,s21_is_equal
FNDA:5,s21_is_not_equal
FNDA:196,comparison
FNDA:43,divx10
FNDA:55,first1
FNDA:1934,sleft
FNDA:56,x10dec
FNDA:67,getsig
FNDA:0,lengh
FNDA:6,remdivx10
FNDA:1,increase_mant_1
FNDA:0,bank_rounding_div10
FNDA:137,normalize
FNDA:96298,s21_getbit
FNDA:11200,s21_getmbit
FNDA:23416,s21_touchbit
FNDA:3400,getmbit
FNDA:27308,getbit
FNDA:552,get_cap
FNDA:478,set_cap
FNDA:5140,touchbit
FNDA:29,s21_from_int_to_decimal
FNDA:17,s21_from_decimal_to_int
FNDA:29,mmemset
FNDA:11,s21_add
FNDA:23,s21_sub
FNDA:5,s21_truncate
FNDA:7,s21_negate
FNDA:20,deadder
FNDA:14,adder
FNDA:638,getrank
FNDA:6,sright
FNDA:28,is_zero
FNDA:9,s21_div
FNDA:12,s21_is_less
FNDA:6,adder_wo_normalize
FNF:53
FNH:47
DA:3,0
DA:4,0
DA:5,0
DA:6,0
DA:7,0
DA:9,0
DA:12,9
DA:13,9
DA:14,9
DA:15,9
DA:16,9
DA:17,18
DA:18,9
DA:19,9
DA:22,0
DA:23,0
DA:24,9
DA:25,9
DA:26,9
DA:27,9
DA:28,9
DA:29,1
DA:30,1
DA:32,78
DA:35,69
DA:36,69
DA:38,26
DA:39,17
DA:40,17
DA:42,9
DA:43,9
DA:45,9
DA:46,212
DA:47,203
DA:48,92
DA:49,92
DA:50,92
DA:51,111
DA:53,203
DA:54,203
DA:56,9
DA:57,0
DA:58,0
DA:60,26
DA:61,17
DA:62,17
DA:64,9
DA:65,9
DA:66,1
DA:67,1
DA:69,9
DA:73,5
DA:74,48
DA:75,43
DA:77,5
DA:78,5
DA:81,638
DA:82,638
DA:83,5742
DA:84,5104
DA:85,5104
DA:86,638
DA:89,12
DA:90,12
DA:91,12
DA:92,1
DA:93,12
DA:94,11
DA:95,0
DA:96,0
DA:97,11
DA:98,11
DA:99,11
DA:100,11
DA:101,12
DA:102,5
DA:103,4
DA:104,12
DA:107,7
DA:108,7
DA:109,7
DA:110,5
DA:111,5
DA:112,7
DA:115,92
DA:116,92
DA:117,92
DA:118,1
DA:119,92
DA:120,90
DA:121,2
DA:122,2
DA:123,90
DA:124,88
DA:125,88
DA:126,90
DA:127,92
DA:128,6
DA:129,4
DA:130,92
DA:133,86
DA:134,86
DA:135,86
DA:136,34
DA:137,34
DA:138,86
DA:141,8
DA:142,8
DA:143,8
DA:144,4
DA:145,4
DA:146,4
DA:147,8
DA:150,96
DA:151,96
DA:152,96
DA:153,188
DA:154,92
DA:155,29
DA:156,29
DA:157,96
DA:160,5
DA:161,5
DA:162,5
DA:163,8
DA:164,3
DA:165,3
DA:166,3
DA:167,5
DA:170,196
DA:171,196
DA:172,16109
DA:173,16055
DA:174,29
DA:175,29
DA:176,16026
DA:177,113
DA:178,113
DA:180,15913
DA:181,196
DA:184,43
DA:185,43
DA:187,43
DA:188,43
DA:189,43
DA:191,43
DA:193,1814
DA:194,1771
DA:195,802
DA:196,802
DA:197,802
DA:198,802
DA:199,802
DA:200,802
DA:201,802
DA:202,969
DA:203,969
DA:204,969
DA:205,969
DA:206,969
DA:208,1771
DA:210,43
DA:211,43
DA:212,43
DA:213,43
DA:215,43
DA:218,55
DA:219,55
DA:220,3624
DA:221,3569
DA:222,55
DA:223,55
DA:224,3569
DA:225,55
DA:228,1934
DA:229,1934
DA:230,1934
DA:231,1934
DA:232,1934
DA:233,1934
DA:234,1934
DA:236,56
DA:237,56
DA:238,56
DA:241,56
DA:242,56
DA:243,56
DA:244,56
DA:246,56
DA:247,5432
DA:248,5376
DA:249,5376
DA:250,4531
DA:251,4531
DA:252,4531
DA:253,5376
DA:254,438
DA:255,438
DA:256,438
DA:257,5376
DA:258,290
DA:259,290
DA:260,290
DA:261,5376
DA:262,117
DA:263,117
DA:264,117
DA:265,5376
DA:266,280
DA:267,224
DA:268,224
DA:269,224
DA:270,224
DA:271,224
DA:272,224
DA:273,0
DA:274,0
DA:275,0
DA:276,224
DA:277,0
DA:278,0
DA:279,0
DA:280,224
DA:281,0
DA:282,0
DA:283,0
DA:284,224
DA:285,112
DA:286,56
DA:287,5656
DA:288,5600
DA:289,5600
DA:290,56
DA:291,56
DA:292,56
DA:293,0
DA:294,56
DA:295,0
DA:296,56
DA:299,67
DA:301,6
DA:302,6
DA:304,6
DA:305,6
DA:306,6
DA:308,6
DA:310,53
DA:311,47
DA:312,6
DA:313,6
DA:314,6
DA:315,6
DA:316,6
DA:317,6
DA:318,6
DA:319,41
DA:320,41
DA:321,41
DA:322,41
DA:323,41
DA:325,47
DA:327,6
DA:328,6
DA:329,6
DA:330,6
DA:332,6
DA:335,1
DA:337,1
DA:338,1
DA:339,1
DA:340,1
DA:341,1
DA:342,1
DA:343,1
DA:344,2
DA:345,1
DA:346,0
DA:347,0
DA:348,1
DA:349,1
DA:351,1
DA:353,96
DA:354,95
DA:355,95
DA:357,1
DA:358,1
DA:359,1
DA:360,1
DA:362,1
DA:365,0
DA:366,0
DA:367,0
DA:368,0
DA:369,0
DA:370,0
DA:372,0
DA:373,0
DA:374,0
DA:375,0
DA:378,137
DA:379,137
DA:380,137
DA:381,137
DA:382,137
DA:383,137
DA:384,137
DA:386,56
DA:387,28
DA:388,26
DA:390,26
DA:391,26
DA:392,26
DA:393,26
DA:394,26
DA:396,2
DA:398,0
DA:399,0
DA:400,0
DA:402,2
DA:404,0
DA:405,0
DA:407,2
DA:408,137
DA:410,52
DA:411,24
DA:413,24
DA:414,24
DA:415,24
DA:416,24
DA:417,24
DA:419,4
DA:421,0
DA:422,0
DA:423,0
DA:425,4
DA:427,0
DA:428,0
DA:430,4
DA:431,137
DA:432,137
DA:433,137
DA:436,96298
DA:438,96298
DA:439,96298
DA:440,26312
DA:441,2290
DA:442,2290
DA:443,26312
DA:444,96298
DA:445,28668
DA:446,676
DA:447,676
DA:448,28668
DA:449,96298
DA:450,30451
DA:451,344
DA:452,344
DA:453,30451
DA:454,96298
DA:455,10867
DA:456,625
DA:457,625
DA:458,10867
DA:459,96298
DA:462,11200
DA:465,11200
DA:466,11200
DA:467,3584
DA:468,820
DA:469,820
DA:470,3584
DA:471,11200
DA:472,3584
DA:473,142
DA:474,142
DA:475,3584
DA:476,11200
DA:477,3584
DA:478,0
DA:479,0
DA:480,3584
DA:481,11200
DA:484,23416
DA:486,23416
DA:487,6274
DA:488,1822
DA:489,1822
DA:490,4452
DA:492,6274
DA:493,23416
DA:494,6388
DA:495,581
DA:496,581
DA:497,5807
DA:499,6388
DA:500,23416
DA:501,6382
DA:502,108
DA:503,108
DA:504,6274
DA:506,6382
DA:507,23416
DA:508,4372
DA:509,347
DA:510,347
DA:511,4025
DA:513,4372
DA:514,23416
DA:516,3400
DA:519,3400
DA:520,3400
DA:521,1088
DA:522,382
DA:523,382
DA:524,1088
DA:525,3400
DA:526,1088
DA:527,218
DA:528,218
DA:529,1088
DA:530,3400
DA:531,1088
DA:532,10
DA:533,10
DA:534,1088
DA:535,3400
DA:538,27308
DA:540,27308
DA:541,27308
DA:542,9140
DA:543,3700
DA:544,3700
DA:545,9140
DA:546,27308
DA:547,9024
DA:548,3443
DA:549,3443
DA:550,9024
DA:551,27308
DA:552,9024
DA:553,3277
DA:554,3277
DA:555,9024
DA:556,27308
DA:557,120
DA:558,21
DA:559,21
DA:560,120
DA:561,27308
DA:564,552
DA:566,1656
DA:567,1656
DA:568,1656
DA:569,1104
DA:570,552
DA:571,0
DA:572,0
DA:573,552
DA:576,478
DA:578,4302
DA:579,3824
DA:580,298
DA:581,298
DA:582,298
DA:583,3526
DA:585,3824
DA:586,3824
DA:587,478
DA:590,5140
DA:592,5140
DA:593,1815
DA:594,583
DA:595,583
DA:596,1232
DA:598,1815
DA:599,5140
DA:600,1536
DA:601,273
DA:602,273
DA:603,1263
DA:605,1536
DA:606,5140
DA:607,1536
DA:608,24
DA:609,24
DA:610,1512
DA:612,1536
DA:613,5140
DA:614,253
DA:615,16
DA:616,16
DA:617,237
DA:619,253
DA:620,5140
DA:623,29
DA:624,29
DA:625,0
DA:628,29
DA:629,29
DA:631,29
DA:632,8
DA:633,8
DA:634,8
DA:636,29
DA:637,29
DA:638,8
DA:639,8
DA:641,29
DA:642,29
DA:645,17
DA:646,17
DA:647,0
DA:650,17
DA:651,17
DA:652,17
DA:653,6
DA:654,6
DA:656,17
DA:657,17
DA:658,17
DA:660,29
DA:661,29
DA:662,493
DA:663,464
DA:664,464
DA:665,29
DA:668,11
DA:669,11
DA:670,11
DA:671,11
DA:672,11
DA:673,11
DA:674,11
DA:675,11
DA:676,11
DA:677,11
DA:678,11
DA:679,7
DA:680,7
DA:681,11
DA:682,1
DA:683,1
DA:684,1
DA:685,0
DA:686,0
DA:688,1
DA:689,11
DA:690,1
DA:691,0
DA:692,0
DA:693,1
DA:694,1
DA:696,1
DA:697,11
DA:698,2
DA:699,2
DA:700,2
DA:701,11
DA:704,23
DA:705,23
DA:706,23
DA:707,23
DA:708,23
DA:710,23
DA:711,23
DA:712,23
DA:713,23
DA:714,23
DA:715,23
DA:716,18
DA:717,15
DA:718,15
DA:719,3
DA:721,3
DA:723,18
DA:724,23
DA:725,2
DA:726,2
DA:727,23
DA:728,3
DA:730,3
DA:731,3
DA:732,23
DA:733,0
DA:734,0
DA:735,0
DA:736,0
DA:738,0
DA:740,0
DA:751,23
DA:754,7
DA:755,7
DA:756,7
DA:757,5
DA:758,5
DA:759,2
DA:761,7
DA:764,20
DA:765,20
DA:766,20
DA:767,20
DA:768,20
DA:769,20
DA:770,20
DA:771,20
DA:772,20
DA:773,20
DA:774,1940
DA:775,1920
DA:776,1920
DA:777,149
DA:778,149
DA:779,149
DA:780,1920
DA:781,1721
DA:782,1721
DA:783,1721
DA:784,1920
DA:785,41
DA:786,41
DA:787,41
DA:788,1920
DA:789,9
DA:790,9
DA:791,9
DA:792,1920
DA:793,20
DA:794,20
DA:797,14
DA:798,14
DA:799,14
DA:800,14
DA:801,14
DA:802,14
DA:804,14
DA:805,14
DA:806,14
DA:807,14
DA:808,14
DA:809,14
DA:810,1358
DA:811,1344
DA:812,1344
DA:813,792
DA:814,792
DA:815,792
DA:816,1344
DA:817,74
DA:818,74
DA:819,74
DA:820,1344
DA:821,461
DA:822,461
DA:823,461
DA:824,1344
DA:825,17
DA:826,17
DA:827,17
DA:828,1344
DA:830,14
DA:831,4
DA:832,4
DA:834,14
DA:835,4
DA:836,0
DA:837,0
DA:838,0
DA:839,0
DA:840,0
DA:842,0
DA:843,4
DA:845,4
DA:846,1358
DA:847,1344
DA:848,1344
DA:850,14
DA:851,0
DA:852,0
DA:854,14
DA:857,6
DA:858,6
DA:859,6
DA:860,6
DA:861,6
DA:862,6
DA:863,6
DA:865,28
DA:866,28
DA:867,28
DA:868,15
DA:869,15
DA:870,28
DA:873,9
DA:875,9
DA:877,9
DA:878,9
DA:879,9
DA:880,9
DA:881,9
DA:882,9
DA:884,9
DA:885,9
DA:886,9
DA:887,9
DA:888,9
DA:889,9
DA:890,9
DA:891,9
DA:893,9
DA:895,9
DA:896,9
DA:897,2
DA:898,2
DA:899,13
DA:900,6
DA:901,6
DA:902,6
DA:904,6
DA:906,64
DA:907,58
DA:910,13
DA:911,13
DA:912,13
DA:913,13
DA:914,13
DA:915,13
DA:916,13
DA:917,3
DA:918,3
DA:920,13
DA:921,45
DA:922,45
DA:923,45
DA:924,45
DA:925,45
DA:926,45
DA:927,15
DA:928,15
DA:930,58
DA:931,6
DA:938,6
DA:939,0
DA:940,0
DA:941,0
DA:942,6
DA:944,6
DA:947,6
DA:949,6
DA:950,6
DA:951,6
DA:952,6
DA:953,0
DA:954,0
DA:956,6
DA:957,0
DA:958,0
DA:959,0
DA:963,7
DA:965,7
DA:966,7
DA:967,7
DA:968,14
DA:976,9
DA:979,6
DA:981,6
DA:982,6
DA:983,6
DA:984,6
DA:985,6
DA:986,6
DA:987,6
DA:988,582
DA:989,576
DA:990,576
DA:991,563
DA:992,563
DA:993,563
DA:994,576
DA:995,13
DA:996,13
DA:997,13
DA:998,576
DA:999,0
DA:1000,0
DA:1001,0
DA:1002,576
DA:1003,0
DA:1004,0
DA:1005,0
DA:1006,576
DA:1007,6
DA:1010,17
DA:1011,17
DA:1013,17
DA:1014,17
DA:1015,17
DA:1016,17
DA:1017,17
DA:1019,1649
DA:1020,1632
DA:1021,1632
DA:1022,1082
DA:1023,1082
DA:1024,1082
DA:1025,1632
DA:1026,273
DA:1027,273
DA:1028,273
DA:1029,1632
DA:1030,217
DA:1031,217
DA:1032,217
DA:1033,1632
DA:1034,60
DA:1035,60
DA:1036,60
DA:1037,1632
DA:1038,85
DA:1039,68
DA:1040,68
DA:1041,68
DA:1042,68
DA:1043,68
DA:1044,68
DA:1045,0
DA:1046,0
DA:1047,0
DA:1048,68
DA:1049,0
DA:1050,0
DA:1051,0
DA:1052,68
DA:1053,0
DA:1054,0
DA:1055,0
DA:1056,68
DA:1057,1717
DA:1058,1700
DA:1059,1700
DA:1060,17
DA:1062,26719
DA:1064,26719
DA:1065,26719
DA:1066,2653
DA:1067,612
DA:1068,612
DA:1069,2653
DA:1070,26719
DA:1071,4960
DA:1072,1539
DA:1073,1539
DA:1074,4960
DA:1075,26719
DA:1076,7008
DA:1077,2548
DA:1078,2548
DA:1079,7008
DA:1080,26719
DA:1081,5760
DA:1082,2453
DA:1083,2453
DA:1084,5760
DA:1085,26719
DA:1086,3584
DA:1087,1520
DA:1088,1520
DA:1089,3584
DA:1090,26719
DA:1091,1538
DA:1092,498
DA:1093,498
DA:1094,1538
DA:1095,26719
DA:1096,608
DA:1097,0
DA:1098,0
DA:1099,608
DA:1100,26719
DA:1101,608
DA:1102,0
DA:1103,0
DA:1104,608
DA:1106,26719
DA:1109,22467
DA:1111,22467
DA:1112,2254
DA:1113,634
DA:1114,634
DA:1115,1620
DA:1117,2254
DA:1118,22467
DA:1119,4416
DA:1120,1539
DA:1121,1539
DA:1122,2877
DA:1124,4416
DA:1125,22467
DA:1126,6464
DA:1127,2548
DA:1128,2548
DA:1129,3916
DA:1131,6464
DA:1132,22467
DA:1133,5237
DA:1134,2484
DA:1135,2484
DA:1136,2753
DA:1138,5237
DA:1139,22467
DA:1140,3072
DA:1141,1552
DA:1142,1552
DA:1143,1520
DA:1145,3072
DA:1146,22467
DA:1147,1024
DA:1148,528
DA:1149,528
DA:1150,496
DA:1152,1024
DA:1153,22467
DA:1154,0
DA:1155,0
DA:1156,0
DA:1157,0
DA:1159,0
DA:1160,22467
DA:1161,0
DA:1162,0
DA:1163,0
DA:1164,0
DA:1166,0
DA:1167,22467
DA:1169,19
DA:1170,19
DA:1171,4356
DA:1172,4337
DA:1173,18
DA:1174,18
DA:1175,4337
DA:1176,19
DA:1179,18
DA:1181,18
DA:1182,18
DA:1183,18
DA:1184,18
DA:1185,18
DA:1186,18
DA:1187,18
DA:1188,18
DA:1190,18
DA:1191,18
DA:1192,18
DA:1193,18
DA:1204,18
DA:1205,18
DA:1206,1746
DA:1207,1728
DA:1208,219
DA:1209,21243
DA:1210,21024
DA:1211,21024
DA:1212,11715
DA:1213,11715
DA:1214,11715
DA:1215,21024
DA:1216,165
DA:1217,165
DA:1218,165
DA:1219,21024
DA:1220,214
DA:1221,214
DA:1222,214
DA:1223,21024
DA:1224,8930
DA:1225,8930
DA:1226,8930
DA:1227,21024
DA:1228,219
DA:1229,95
DA:1230,95
DA:1231,219
DA:1232,1728
DA:1233,38
DA:1234,19
DA:1235,2
DA:1237,1
DA:1238,0
DA:1239,0
DA:1240,0
DA:1241,2
DA:1242,2
DA:1243,1
DA:1244,1
DA:1245,2
DA:1249,18
DA:1250,17
DA:1252,0
DA:1253,0
DA:1256,17
DA:1257,17
DA:1258,17
DA:1259,17
DA:1260,24
DA:1261,9
DA:1262,8
DA:1263,8
DA:1264,9
DA:1267,17
DA:1277,18
DA:1285,0
DA:1286,0
DA:1288,0
DA:1289,0
DA:1290,0
DA:1291,0
DA:1292,0
DA:1293,0
DA:1294,0
DA:1295,0
DA:1296,0
DA:1298,0
DA:1300,0
DA:1301,0
DA:1302,0
DA:1303,0
DA:1304,0
DA:1305,0
DA:1306,0
DA:1307,0
DA:1308,0
DA:1309,0
DA:1310,0
DA:1311,0
DA:1312,0
DA:1313,0
DA:1315,0
DA:1317,0
DA:1318,0
DA:1319,0
DA:1322,0
DA:1323,0
DA:1324,0
DA:1325,0
DA:1326,0
DA:1327,0
DA:1328,0
DA:1329,0
DA:1330,0
DA:1331,0
DA:1332,0
DA:1333,0
DA:1334,0
DA:1335,0
DA:1336,0
DA:1337,0
DA:1338,0
DA:1340,0
DA:1341,0
DA:1342,0
DA:1343,0
DA:1344,0
DA:1345,0
DA:1347,0
DA:1348,0
DA:1349,0
DA:1350,0
DA:1351,0
DA:1352,0
DA:1353,0
DA:1354,0
DA:1355,0
DA:1356,0
DA:1357,0
DA:1359,0
DA:1361,0
DA:1362,0
DA:1363,0
DA:1365,0
DA:1366,0
DA:1367,0
DA:1368,0
DA:1370,0
DA:1373,4
DA:1374,4
DA:1375,4
DA:1376,4
DA:1377,4
DA:1378,4
DA:1379,4
DA:1380,4
DA:1381,6
DA:1382,2
DA:1383,2
DA:1384,4
DA:1385,1
DA:1386,1
DA:1388,4
DA:1389,4
DA:1390,4
DA:1391,4
DA:1394,5
DA:1395,5
DA:1396,5
DA:1397,5
DA:1398,5
DA:1399,5
DA:1400,5
DA:1401,5
DA:1402,9
DA:1403,4
DA:1404,4
DA:1405,5
DA:1406,0
DA:1407,0
DA:1409,5
DA:1410,5
DA:1411,5
DA:1412,5
DA:1415,16
DA:1416,16
DA:1418,16
DA:1419,1552
DA:1420,1536
DA:1421,1536
DA:1423,16
DA:1424,16
DA:1426,16
DA:1427,8
DA:1429,8
DA:1430,16
DA:1431,16
LF:1132
LH:946
end_of_record
TN:gcov_report
SF:/Users/dronoved/school_21/projects/decimal/FINAL/C5_s21_decimal-2/src/s21_test.c
FN:1005,1014,from_decimal_to_float_4_fn
FN:1017,1026,from_decimal_to_float_5_fn
FN:1029,1039,from_decimal_to_float_6_fn
FN:103,113,test_add_9_fn
FN:1042,1051,from_decimal_to_float_7_fn
FN:1054,1064,from_decimal_to_float_8_fn
FN:1067,1077,from_decimal_to_float_9_fn
FN:1080,1089,from_decimal_to_float_10_fn
FN:1092,1101,from_decimal_to_float_11_fn
FN:1104,1113,from_decimal_to_float_12_fn
FN:1116,1125,from_decimal_to_float_13_fn
FN:1128,1137,from_decimal_to_float_14_fn
FN:1140,1149,from_decimal_to_float_15_fn
FN:1152,1161,from_decimal_to_float_16_fn
FN:116,124,test_add_10_fn
FN:1165,1176,from_decimal_to_int_1_fn
FN:1179,1190,from_decimal_to_int_2_fn
FN:1193,1204,from_decimal_to_int_4_fn
FN:1207,1218,from_decimal_to_int_5_fn
FN:1222,1232,from_float_to_decimal_1_fn
FN:1235,1242,from_float_to_decimal_2_fn
FN:1245,1252,from_float_to_decimal_3_fn
FN:1255,1265,from_float_to_decimal_4_fn
FN:1268,1275,from_float_to_decimal_5_fn
FN:127,136,test_add_11_fn
FN:1278,1285,from_float_to_decimal_6_fn
FN:1288,1295,from_float_to_decimal_7_fn
FN:1298,1305,from_float_to_decimal_8_fn
FN:1308,1315,from_float_to_decimal_9_fn
FN:1319,1326,from_int_to_decimal_1_fn
FN:1329,1336,from_int_to_decimal_2_fn
FN:1339,1346,from_int_to_decimal_3_fn
FN:1349,1356,from_int_to_decimal_4_fn
FN:1359,1366,from_int_to_decimal_5_fn
FN:1370,1386,test_floor_1_fn
FN:1389,1405,test_floor_2_fn
FN:140,150,test_sub_1_fn
FN:1408,1425,test_floor_3_fn
FN:1428,1445,test_floor_4_fn
FN:1449,1453,test_negate_1_fn
FN:1456,1460,test_negate_2_fn
FN:1463,1467,test_negate_3_fn
FN:1470,1474,test_negate_4_fn
FN:1478,1495,test_round_1_fn
FN:1498,1515,test_round_2_fn
FN:1518,1534,test_round_3_fn
FN:153,163,test_sub_2_fn
FN:1537,1554,test_round_4_fn
FN:1557,1574,test_round_5_fn
FN:1578,1595,test_truncate_1_fn
FN:1598,1615,test_truncate_2_fn
FN:1618,1636,test_truncate_3_fn
FN:1639,1656,test_truncate_4_fn
FN:1659,1676,test_truncate_5_fn
FN:166,176,test_sub_4_fn
FN:1679,1877,example_create
FN:179,189,test_sub_5_fn
FN:1880,1886,main
FN:19,30,test_add_2_fn
FN:192,202,test_sub_6_fn
FN:205,215,test_sub_7_fn
FN:218,224,test_sub_8_fn
FN:227,237,test_sub_9_fn
FN:240,250,test_sub_10_fn
FN:253,263,test_sub_11_fn
FN:267,281,test_div_1_fn
FN:284,296,test_div_2_fn
FN:299,311,test_div_3_fn
FN:314,326,test_div_4_fn
FN:329,339,test_div_5_fn
FN:33,43,test_add_3_fn
FN:342,348,test_div_6_fn
FN:351,360,test_div_7_fn
FN:363,375,test_div_8_fn
FN:378,383,test_div_9_fn
FN:387,392,test_mul_1_fn
FN:395,400,test_mul_2_fn
FN:403,408,test_mul_3_fn
FN:411,416,test_mul_4_fn
FN:419,424,test_mul_5_fn
FN:427,432,test_mul_6_fn
FN:435,440,test_mul_7_fn
FN:443,449,test_mul_8_fn
FN:452,457,test_mul_9_fn
FN:46,52,test_add_4_fn
FN:460,468,test_mul_10_fn
FN:471,482,test_mul_11_fn
FN:485,498,test_mul_12_fn
FN:501,514,test_mul_13_fn
FN:517,530,test_mul_14_fn
FN:533,545,test_mul_15_fn
FN:548,560,test_mul_16_fn
FN:55,61,test_add_5_fn
FN:563,575,test_mul_17_fn
FN:578,592,test_mul_19_fn
FN:596,601,test_is_equal_1_fn
FN:6,16,test_add_1_fn
FN:604,611,test_is_equal_2_fn
FN:614,620,test_is_equal_3_fn
FN:623,629,test_is_equal_4_fn
FN:632,637,test_is_equal_5_fn
FN:64,74,test_add_6_fn
FN:640,645,test_is_equal_6_fn
FN:648,654,test_is_equal_7_fn
FN:657,664,test_is_equal_8_fn
FN:667,674,test_is_equal_9_fn
FN:677,682,test_is_equal_10_fn
FN:686,691,test_is_greater_or_equal_1_fn
FN:694,699,test_is_greater_or_equal_2_fn
FN:702,707,test_is_greater_or_equal_3_fn
FN:710,717,test_is_greater_or_equal_4_fn
FN:720,727,test_is_greater_or_equal_5_fn
FN:730,737,test_is_greater_or_equal_6_fn
FN:740,746,test_is_greater_or_equal_7_fn
FN:749,755,test_is_greater_or_equal_8_fn
FN:759,764,test_is_greater_1_fn
FN:767,772,test_is_greater_2_fn
FN:77,87,test_add_7_fn
FN:775,780,test_is_greater_3_fn
FN:783,790,test_is_greater_4_fn
FN:793,800,test_is_greater_5_fn
FN:803,810,test_is_greater_6_fn
FN:814,819,test_is_less_or_equal_1_fn
FN:822,827,test_is_less_or_equal_2_fn
FN:830,835,test_is_less_or_equal_3_fn
FN:838,845,test_is_less_or_equal_4_fn
FN:848,855,test_is_less_or_equal_5_fn
FN:858,865,test_is_less_or_equal_6_fn
FN:868,874,test_is_less_or_equal_7_fn
FN:878,883,test_is_less_1_fn
FN:886,891,test_is_less_2_fn
FN:894,899,test_is_less_3_fn
FN:90,100,test_add_8_fn
FN:902,909,test_is_less_4_fn
FN:912,919,test_is_less_5_fn
FN:923,928,test_is_not_equal_1_fn
FN:931,938,test_is_not_equal_2_fn
FN:941,947,test_is_not_equal_3_fn
FN:950,956,test_is_not_equal_4_fn
FN:959,964,test_is_not_equal_5_fn
FN:968,977,from_decimal_to_float_1_fn
FN:980,989,from_decimal_to_float_2_fn
FN:992,1002,from_decimal_to_float_3_fn
FNDA:1,from_decimal_to_float_4_fn
FNDA:1,from_decimal_to_float_5_fn
FNDA:1,from_decimal_to_float_6_fn
FNDA:1,test_add_9_fn
FNDA:1,from_decimal_to_float_7_fn
FNDA:1,from_decimal_to_float_8_fn
FNDA:1,from_decimal_to_float_9_fn
FNDA:1,from_decimal_to_float_10_fn
FNDA:1,from_decimal_to_float_11_fn
FNDA:1,from_decimal_to_float_12_fn
FNDA:1,from_decimal_to_float_13_fn
FNDA:1,from_decimal_to_float_14_fn
FNDA:1,from_decimal_to_float_15_fn
FNDA:1,from_decimal_to_float_16_fn
FNDA:1,test_add_10_fn
FNDA:1,from_decimal_to_int_1_fn
FNDA:1,from_decimal_to_int_2_fn
FNDA:1,from_decimal_to_int_4_fn
FNDA:1,from_decimal_to_int_5_fn
FNDA:1,from_float_to_decimal_1_fn
FNDA:1,from_float_to_decimal_2_fn
FNDA:1,from_float_to_decimal_3_fn
FNDA:1,from_float_to_decimal_4_fn
FNDA:1,from_float_to_decimal_5_fn
FNDA:1,test_add_11_fn
FNDA:1,from_float_to_decimal_6_fn
FNDA:1,from_float_to_decimal_7_fn
FNDA:1,from_float_to_decimal_8_fn
FNDA:1,from_float_to_decimal_9_fn
FNDA:1,from_int_to_decimal_1_fn
FNDA:1,from_int_to_decimal_2_fn
FNDA:1,from_int_to_decimal_3_fn
FNDA:1,from_int_to_decimal_4_fn
FNDA:1,from_int_to_decimal_5_fn
FNDA:1,test_floor_1_fn
FNDA:1,test_floor_2_fn
FNDA:1,test_sub_1_fn
FNDA:1,test_floor_3_fn
FNDA:1,test_floor_4_fn
FNDA:1,test_negate_1_fn
FNDA:1,test_negate_2_fn
FNDA:1,test_negate_3_fn
FNDA:1,test_negate_4_fn
FNDA:1,test_round_1_fn
FNDA:1,test_round_2_fn
FNDA:1,test_round_3_fn
FNDA:1,test_sub_2_fn
FNDA:1,test_round_4_fn
FNDA:1,test_round_5_fn
FNDA:1,test_truncate_1_fn
FNDA:1,test_truncate_2_fn
FNDA:1,test_truncate_3_fn
FNDA:1,test_truncate_4_fn
FNDA:1,test_truncate_5_fn
FNDA:1,test_sub_4_fn
FNDA:142,example_create
FNDA:1,test_sub_5_fn
FNDA:142,main
FNDA:1,test_add_2_fn
FNDA:1,test_sub_6_fn
FNDA:1,test_sub_7_fn
FNDA:1,test_sub_8_fn
FNDA:1,test_sub_9_fn
FNDA:1,test_sub_10_fn
FNDA:1,test_sub_11_fn
FNDA:1,test_div_1_fn
FNDA:1,test_div_2_fn
FNDA:1,test_div_3_fn
FNDA:1,test_div_4_fn
FNDA:1,test_div_5_fn
FNDA:1,test_add_3_fn
FNDA:1,test_div_6_fn
FNDA:1,test_div_7_fn
FNDA:1,test_div_8_fn
FNDA:1,test_div_9_fn
FNDA:1,test_mul_1_fn
FNDA:1,test_mul_2_fn
FNDA:1,test_mul_3_fn
FNDA:1,test_mul_4_fn
FNDA:1,test_mul_5_fn
FNDA:1,test_mul_6_fn
FNDA:1,test_mul_7_fn
FNDA:1,test_mul_8_fn
FNDA:1,test_mul_9_fn
FNDA:1,test_add_4_fn
FNDA:1,test_mul_10_fn
FNDA:1,test_mul_11_fn
FNDA:1,test_mul_12_fn
FNDA:1,test_mul_13_fn
FNDA:1,test_mul_14_fn
FNDA:1,test_mul_15_fn
FNDA:1,test_mul_16_fn
FNDA:1,test_add_5_fn
FNDA:1,test_mul_17_fn
FNDA:1,test_mul_19_fn
FNDA:1,test_is_equal_1_fn
FNDA:1,test_add_1_fn
FNDA:1,test_is_equal_2_fn
FNDA:1,test_is_equal_3_fn
FNDA:1,test_is_equal_4_fn
FNDA:1,test_is_equal_5_fn
FNDA:1,test_add_6_fn
FNDA:1,test_is_equal_6_fn
FNDA:1,test_is_equal_7_fn
FNDA:1,test_is_equal_8_fn
FNDA:1,test_is_equal_9_fn
FNDA:1,test_is_equal_10_fn
FNDA:1,test_is_greater_or_equal_1_fn
FNDA:1,test_is_greater_or_equal_2_fn
FNDA:1,test_is_greater_or_equal_3_fn
FNDA:1,test_is_greater_or_equal_4_fn
FNDA:1,test_is_greater_or_equal_5_fn
FNDA:1,test_is_greater_or_equal_6_fn
FNDA:1,test_is_greater_or_equal_7_fn
FNDA:1,test_is_greater_or_equal_8_fn
FNDA:1,test_is_greater_1_fn
FNDA:1,test_is_greater_2_fn
FNDA:1,test_add_7_fn
FNDA:1,test_is_greater_3_fn
FNDA:1,test_is_greater_4_fn
FNDA:1,test_is_greater_5_fn
FNDA:1,test_is_greater_6_fn
FNDA:1,test_is_less_or_equal_1_fn
FNDA:1,test_is_less_or_equal_2_fn
FNDA:1,test_is_less_or_equal_3_fn
FNDA:1,test_is_less_or_equal_4_fn
FNDA:1,test_is_less_or_equal_5_fn
FNDA:1,test_is_less_or_equal_6_fn
FNDA:1,test_is_less_or_equal_7_fn
FNDA:1,test_is_less_1_fn
FNDA:1,test_is_less_2_fn
FNDA:1,test_is_less_3_fn
FNDA:1,test_add_8_fn
FNDA:1,test_is_less_4_fn
FNDA:1,test_is_less_5_fn
FNDA:1,test_is_not_equal_1_fn
FNDA:1,test_is_not_equal_2_fn
FNDA:1,test_is_not_equal_3_fn
FNDA:1,test_is_not_equal_4_fn
FNDA:1,test_is_not_equal_5_fn
FNDA:1,from_decimal_to_float_1_fn
FNDA:1,from_decimal_to_float_2_fn
FNDA:1,from_decimal_to_float_3_fn
FNF:143
FNH:143
DA:6,1
DA:7,1
DA:8,1
DA:9,1
DA:10,1
DA:11,1
DA:12,1
DA:13,1
DA:14,1
DA:15,1
DA:16,1
DA:19,1
DA:20,1
DA:21,1
DA:22,1
DA:23,1
DA:25,1
DA:26,1
DA:27,1
DA:28,1
DA:29,1
DA:30,1
DA:33,1
DA:34,1
DA:35,1
DA:36,1
DA:37,1
DA:38,1
DA:39,1
DA:40,1
DA:41,1
DA:42,1
DA:43,1
DA:46,1
DA:47,1
DA:48,1
DA:49,1
DA:50,1
DA:51,1
DA:52,1
DA:55,1
DA:56,1
DA:57,1
DA:58,1
DA:59,1
DA:60,1
DA:61,1
DA:64,1
DA:65,1
DA:66,1
DA:67,1
DA:68,1
DA:69,1
DA:70,1
DA:71,1
DA:72,1
DA:73,1
DA:74,1
DA:77,1
DA:78,1
DA:79,1
DA:80,1
DA:81,1
DA:82,1
DA:83,1
DA:84,1
DA:85,1
DA:86,1
DA:87,1
DA:90,1
DA:91,1
DA:92,1
DA:93,1
DA:94,1
DA:95,1
DA:96,1
DA:97,1
DA:98,1
DA:99,1
DA:100,1
DA:103,1
DA:104,1
DA:105,1
DA:106,1
DA:107,1
DA:108,1
DA:109,1
DA:110,1
DA:111,1
DA:112,1
DA:113,1
DA:116,1
DA:117,1
DA:120,1
DA:121,1
DA:122,1
DA:123,1
DA:124,1
DA:127,1
DA:128,1
DA:131,1
DA:132,1
DA:133,1
DA:134,1
DA:135,1
DA:136,1
DA:140,1
DA:141,1
DA:142,1
DA:143,1
DA:144,1
DA:145,1
DA:146,1
DA:147,1
DA:148,1
DA:149,1
DA:150,1
DA:153,1
DA:154,1
DA:155,1
DA:156,1
DA:157,1
DA:158,1
DA:159,1
DA:160,1
DA:161,1
DA:162,1
DA:163,1
DA:166,1
DA:167,1
DA:168,1
DA:169,1
DA:170,1
DA:171,1
DA:172,1
DA:173,1
DA:174,1
DA:175,1
DA:176,1
DA:179,1
DA:180,1
DA:181,1
DA:182,1
DA:183,1
DA:184,1
DA:185,1
DA:186,1
DA:187,1
DA:188,1
DA:189,1
DA:192,1
DA:193,1
DA:194,1
DA:195,1
DA:196,1
DA:197,1
DA:198,1
DA:199,1
DA:200,1
DA:201,1
DA:202,1
DA:205,1
DA:206,1
DA:207,1
DA:208,1
DA:209,1
DA:210,1
DA:211,1
DA:212,1
DA:213,1
DA:214,1
DA:215,1
DA:218,1
DA:219,1
DA:220,1
DA:221,1
DA:222,1
DA:223,1
DA:224,1
DA:227,1
DA:228,1
DA:229,1
DA:230,1
DA:231,1
DA:232,1
DA:233,1
DA:234,1
DA:235,1
DA:236,1
DA:237,1
DA:240,1
DA:241,1
DA:242,1
DA:243,1
DA:244,1
DA:245,1
DA:246,1
DA:247,1
DA:248,1
DA:249,1
DA:250,1
DA:253,1
DA:254,1
DA:255,1
DA:256,1
DA:257,1
DA:258,1
DA:259,1
DA:260,1
DA:261,1
DA:262,1
DA:263,1
DA:267,1
DA:268,1
DA:269,1
DA:270,1
DA:271,1
DA:272,1
DA:273,1
DA:274,1
DA:275,1
DA:277,1
DA:279,1
DA:280,1
DA:281,1
DA:284,1
DA:285,1
DA:286,1
DA:287,1
DA:288,1
DA:289,1
DA:290,1
DA:291,1
DA:292,1
DA:293,1
DA:294,1
DA:295,1
DA:296,1
DA:299,1
DA:300,1
DA:301,1
DA:302,1
DA:303,1
DA:304,1
DA:305,1
DA:306,1
DA:307,1
DA:308,1
DA:309,1
DA:310,1
DA:311,1
DA:314,1
DA:315,1
DA:316,1
DA:317,1
DA:318,1
DA:319,1
DA:320,1
DA:321,1
DA:322,1
DA:323,1
DA:324,1
DA:325,1
DA:326,1
DA:329,1
DA:330,1
DA:331,1
DA:332,1
DA:333,1
DA:335,1
DA:337,1
DA:338,1
DA:339,1
DA:342,1
DA:343,1
DA:344,1
DA:345,1
DA:346,1
DA:347,1
DA:348,1
DA:351,1
DA:352,1
DA:353,1
DA:354,1
DA:355,1
DA:356,1
DA:357,1
DA:358,1
DA:359,1
DA:360,1
DA:363,1
DA:364,1
DA:365,1
DA:366,1
DA:367,1
DA:368,1
DA:369,1
DA:370,1
DA:371,1
DA:372,1
DA:373,1
DA:374,1
DA:375,1
DA:378,1
DA:379,1
DA:380,1
DA:381,1
DA:382,1
DA:383,1
DA:387,1
DA:388,1
DA:389,1
DA:390,1
DA:391,1
DA:392,1
DA:395,1
DA:396,1
DA:397,1
DA:398,1
DA:399,1
DA:400,1
DA:403,1
DA:404,1
DA:405,1
DA:406,1
DA:407,1
DA:408,1
DA:411,1
DA:412,1
DA:413,1
DA:414,1
DA:415,1
DA:416,1
DA:419,1
DA:420,1
DA:421,1
DA:422,1
DA:423,1
DA:424,1
DA:427,1
DA:428,1
DA:429,1
DA:430,1
DA:431,1
DA:432,1
DA:435,1
DA:436,1
DA:437,1
DA:438,1
DA:439,1
DA:440,1
DA:443,1
DA:444,1
DA:445,1
DA:446,1
DA:447,1
DA:448,1
DA:449,1
DA:452,1
DA:453,1
DA:454,1
DA:455,1
DA:456,1
DA:457,1
DA:460,1
DA:461,1
DA:462,1
DA:463,1
DA:464,1
DA:465,1
DA:466,1
DA:467,1
DA:468,1
DA:471,1
DA:473,1
DA:474,1
DA:475,1
DA:476,1
DA:477,1
DA:478,1
DA:479,1
DA:480,1
DA:481,1
DA:482,1
DA:485,1
DA:486,1
DA:487,1
DA:488,1
DA:489,1
DA:490,1
DA:491,1
DA:492,1
DA:493,1
DA:494,1
DA:495,1
DA:496,1
DA:497,1
DA:498,1
DA:501,1
DA:502,1
DA:503,1
DA:504,1
DA:505,1
DA:506,1
DA:507,1
DA:508,1
DA:509,1
DA:510,1
DA:511,1
DA:512,1
DA:513,1
DA:514,1
DA:517,1
DA:518,1
DA:519,1
DA:520,1
DA:521,1
DA:522,1
DA:523,1
DA:524,1
DA:525,1
DA:526,1
DA:527,1
DA:528,1
DA:529,1
DA:530,1
DA:533,1
DA:534,1
DA:535,1
DA:536,1
DA:537,1
DA:538,1
DA:539,1
DA:540,1
DA:541,1
DA:542,1
DA:543,1
DA:544,1
DA:545,1
DA:548,1
DA:549,1
DA:550,1
DA:551,1
DA:552,1
DA:553,1
DA:554,1
DA:555,1
DA:556,1
DA:557,1
DA:558,1
DA:559,1
DA:560,1
DA:563,1
DA:564,1
DA:565,1
DA:566,1
DA:567,1
DA:568,1
DA:569,1
DA:570,1
DA:571,1
DA:572,1
DA:573,1
DA:574,1
DA:575,1
DA:578,1
DA:579,1
DA:580,1
DA:581,1
DA:582,1
DA:583,1
DA:584,1
DA:585,1
DA:586,1
DA:587,1
DA:588,1
DA:589,1
DA:590,1
DA:591,1
DA:592,1
DA:596,1
DA:597,1
DA:598,1
DA:599,1
DA:600,1
DA:601,1
DA:604,1
DA:605,1
DA:606,1
DA:607,1
DA:608,1
DA:609,1
DA:610,1
DA:611,1
DA:614,1
DA:615,1
DA:616,1
DA:617,1
DA:618,1
DA:619,1
DA:620,1
DA:623,1
DA:624,1
DA:625,1
DA:626,1
DA:627,1
DA:628,1
DA:629,1
DA:632,1
DA:633,1
DA:634,1
DA:635,1
DA:636,1
DA:637,1
DA:640,1
DA:641,1
DA:642,1
DA:643,1
DA:644,1
DA:645,1
DA:648,1
DA:649,1
DA:650,1
DA:651,1
DA:652,1
DA:653,1
DA:654,1
DA:657,1
DA:658,1
DA:659,1
DA:660,1
DA:661,1
DA:662,1
DA:663,1
DA:664,1
DA:667,1
DA:668,1
DA:669,1
DA:670,1
DA:671,1
DA:672,1
DA:673,1
DA:674,1
DA:677,1
DA:678,1
DA:679,1
DA:680,1
DA:681,1
DA:682,1
DA:686,1
DA:687,1
DA:688,1
DA:689,1
DA:690,1
DA:691,1
DA:694,1
DA:695,1
DA:696,1
DA:697,1
DA:698,1
DA:699,1
DA:702,1
DA:703,1
DA:704,1
DA:705,1
DA:706,1
DA:707,1
DA:710,1
DA:711,1
DA:712,1
DA:713,1
DA:714,1
DA:715,1
DA:716,1
DA:717,1
DA:720,1
DA:721,1
DA:722,1
DA:723,1
DA:724,1
DA:725,1
DA:726,1
DA:727,1
DA:730,1
DA:731,1
DA:732,1
DA:733,1
DA:734,1
DA:735,1
DA:736,1
DA:737,1
DA:740,1
DA:741,1
DA:742,1
DA:743,1
DA:744,1
DA:745,1
DA:746,1
DA:749,1
DA:750,1
DA:751,1
DA:752,1
DA:753,1
DA:754,1
DA:755,1
DA:759,1
DA:760,1
DA:761,1
DA:762,1
DA:763,1
DA:764,1
DA:767,1
DA:768,1
DA:769,1
DA:770,1
DA:771,1
DA:772,1
DA:775,1
DA:776,1
DA:777,1
DA:778,1
DA:779,1
DA:780,1
DA:783,1
DA:784,1
DA:785,1
DA:786,1
DA:787,1
DA:788,1
DA:789,1
DA:790,1
DA:793,1
DA:794,1
DA:795,1
DA:796,1
DA:797,1
DA:798,1
DA:799,1
DA:800,1
DA:803,1
DA:804,1
DA:805,1
DA:806,1
DA:807,1
DA:808,1
DA:809,1
DA:810,1
DA:814,1
DA:815,1
DA:816,1
DA:817,1
DA:818,1
DA:819,1
DA:822,1
DA:823,1
DA:824,1
DA:825,1
DA:826,1
DA:827,1
DA:830,1
DA:831,1
DA:832,1
DA:833,1
DA:834,1
DA:835,1
DA:838,1
DA:839,1
DA:840,1
DA:841,1
DA:842,1
DA:843,1
DA:844,1
DA:845,1
DA:848,1
DA:849,1
DA:850,1
DA:851,1
DA:852,1
DA:853,1
DA:854,1
DA:855,1
DA:858,1
DA:859,1
DA:860,1
DA:861,1
DA:862,1
DA:863,1
DA:864,1
DA:865,1
DA:868,1
DA:869,1
DA:870,1
DA:871,1
DA:872,1
DA:873,1
DA:874,1
DA:878,1
DA:879,1
DA:880,1
DA:881,1
DA:882,1
DA:883,1
DA:886,1
DA:887,1
DA:888,1
DA:889,1
DA:890,1
DA:891,1
DA:894,1
DA:895,1
DA:896,1
DA:897,1
DA:898,1
DA:899,1
DA:902,1
DA:903,1
DA:904,1
DA:905,1
DA:906,1
DA:907,1
DA:908,1
DA:909,1
DA:912,1
DA:913,1
DA:914,1
DA:915,1
DA:916,1
DA:917,1
DA:918,1
DA:919,1
DA:923,1
DA:924,1
DA:925,1
DA:926,1
DA:927,1
DA:928,1
DA:931,1
DA:932,1
DA:933,1
DA:934,1
DA:935,1
DA:936,1
DA:937,1
DA:938,1
DA:941,1
DA:942,1
DA:943,1
DA:944,1
DA:945,1
DA:946,1
DA:947,1
DA:950,1
DA:951,1
DA:952,1
DA:953,1
DA:954,1
DA:955,1
DA:956,1
DA:959,1
DA:960,1
DA:961,1
DA:962,1
DA:963,1
DA:964,1
DA:968,1
DA:970,1
DA:971,1
DA:972,1
DA:973,1
DA:974,1
DA:975,1
DA:976,1
DA:977,1
DA:980,1
DA:982,1
DA:983,1
DA:984,1
DA:985,1
DA:986,1
DA:987,1
DA:988,1
DA:989,1
DA:992,1
DA:994,1
DA:995,1
DA:996,1
DA:997,1
DA:998,1
DA:999,1
DA:1000,1
DA:1001,1
DA:1002,1
DA:1005,1
DA:1007,1
DA:1008,1
DA:1009,1
DA:1010,1
DA:1011,1
DA:1012,1
DA:1013,1
DA:1014,1
DA:1017,1
DA:1019,1
DA:1020,1
DA:1021,1
DA:1022,1
DA:1023,1
DA:1024,1
DA:1025,1
DA:1026,1
DA:1029,1
DA:1031,1
DA:1032,1
DA:1033,1
DA:1034,1
DA:1035,1
DA:1036,1
DA:1037,1
DA:1038,1
DA:1039,1
DA:1042,1
DA:1044,1
DA:1045,1
DA:1046,1
DA:1047,1
DA:1048,1
DA:1049,1
DA:1050,1
DA:1051,1
DA:1054,1
DA:1056,1
DA:1057,1
DA:1058,1
DA:1059,1
DA:1060,1
DA:1061,1
DA:1062,1
DA:1063,1
DA:1064,1
DA:1067,1
DA:1069,1
DA:1070,1
DA:1071,1
DA:1072,1
DA:1073,1
DA:1074,1
DA:1075,1
DA:1076,1
DA:1077,1
DA:1080,1
DA:1082,1
DA:1083,1
DA:1084,1
DA:1085,1
DA:1086,1
DA:1087,1
DA:1088,1
DA:1089,1
DA:1092,1
DA:1094,1
DA:1095,1
DA:1096,1
DA:1097,1
DA:1098,1
DA:1099,1
DA:1100,1
DA:1101,1
DA:1104,1
DA:1106,1
DA:1107,1
DA:1108,1
DA:1109,1
DA:1110,1
DA:1111,1
DA:1112,1
DA:1113,1
DA:1116,1
DA:1118,1
DA:1119,1
DA:1120,1
DA:1121,1
DA:1122,1
DA:1123,1
DA:1124,1
DA:1125,1
DA:1128,1
DA:1130,1
DA:1131,1
DA:1132,1
DA:1133,1
DA:1134,1
DA:1135,1
DA:1136,1
DA:1137,1
DA:1140,1
DA:1142,1
DA:1143,1
DA:1144,1
DA:1145,1
DA:1146,1
DA:1147,1
DA:1148,1
DA:1149,1
DA:1152,1
DA:1154,1
DA:1155,1
DA:1156,1
DA:1157,1
DA:1158,1
DA:1159,1
DA:1160,1
DA:1161,1
DA:1165,1
DA:1167,1
DA:1168,1
DA:1169,1
DA:1170,1
DA:1171,1
DA:1172,1
DA:1173,1
DA:1174,1
DA:1175,1
DA:1176,1
DA:1179,1
DA:1181,1
DA:1182,1
DA:1183,1
DA:1184,1
DA:1185,1
DA:1186,1
DA:1187,1
DA:1188,1
DA:1189,1
DA:1190,1
DA:1193,1
DA:1195,1
DA:1196,1
DA:1197,1
DA:1198,1
DA:1199,1
DA:1200,1
DA:1201,1
DA:1202,1
DA:1203,1
DA:1204,1
DA:1207,1
DA:1209,1
DA:1210,1
DA:1211,1
DA:1212,1
DA:1213,1
DA:1214,1
DA:1215,1
DA:1216,1
DA:1217,1
DA:1218,1
DA:1222,1
DA:1223,1
DA:1224,1
DA:1225,1
DA:1226,1
DA:1227,1
DA:1228,1
DA:1229,1
DA:1230,1
DA:1231,1
DA:1232,1
DA:1235,1
DA:1236,1
DA:1237,1
DA:1238,1
DA:1239,1
DA:1240,5
DA:1241,1
DA:1242,1
DA:1245,1
DA:1246,1
DA:1247,1
DA:1248,1
DA:1249,1
DA:1250,5
DA:1251,1
DA:1252,1
DA:1255,1
DA:1256,1
DA:1257,1
DA:1258,1
DA:1259,1
DA:1260,1
DA:1261,1
DA:1262,1
DA:1263,1
DA:1264,1
DA:1265,1
DA:1268,1
DA:1269,1
DA:1270,1
DA:1271,1
DA:1272,1
DA:1273,5
DA:1274,1
DA:1275,1
DA:1278,1
DA:1279,1
DA:1280,1
DA:1281,1
DA:1282,1
DA:1283,5
DA:1284,1
DA:1285,1
DA:1288,1
DA:1289,1
DA:1290,1
DA:1291,1
DA:1292,1
DA:1293,5
DA:1294,1
DA:1295,1
DA:1298,1
DA:1299,1
DA:1300,1
DA:1301,1
DA:1302,1
DA:1303,5
DA:1304,1
DA:1305,1
DA:1308,1
DA:1309,1
DA:1310,1
DA:1311,1
DA:1312,1
DA:1313,5
DA:1314,1
DA:1315,1
DA:1319,1
DA:1321,1
DA:1322,1
DA:1323,1
DA:1324,1
DA:1325,1
DA:1326,1
DA:1329,1
DA:1331,1
DA:1332,1
DA:1333,1
DA:1334,1
DA:1335,1
DA:1336,1
DA:1339,1
DA:1341,1
DA:1342,1
DA:1343,1
DA:1344,1
DA:1345,1
DA:1346,1
DA:1349,1
DA:1351,1
DA:1352,1
DA:1353,1
DA:1354,1
DA:1355,1
DA:1356,1
DA:1359,1
DA:1361,1
DA:1362,1
DA:1363,1
DA:1364,1
DA:1365,1
DA:1366,1
DA:1370,1
DA:1372,1
DA:1373,1
DA:1374,1
DA:1375,1
DA:1377,1
DA:1378,1
DA:1379,1
DA:1380,1
DA:1381,1
DA:1382,1
DA:1383,1
DA:1384,1
DA:1385,1
DA:1386,1
DA:1389,1
DA:1391,1
DA:1392,1
DA:1393,1
DA:1394,1
DA:1396,1
DA:1397,1
DA:1398,1
DA:1399,1
DA:1400,1
DA:1401,1
DA:1402,1
DA:1403,1
DA:1404,1
DA:1405,1
DA:1408,1
DA:1410,1
DA:1411,1
DA:1412,1
DA:1413,1
DA:1414,1
DA:1416,1
DA:1417,1
DA:1418,1
DA:1419,1
DA:1420,1
DA:1421,1
DA:1422,1
DA:1423,1
DA:1424,1
DA:1425,1
DA:1428,1
DA:1430,1
DA:1431,1
DA:1432,1
DA:1433,1
DA:1434,1
DA:1436,1
DA:1437,1
DA:1438,1
DA:1439,1
DA:1440,1
DA:1441,1
DA:1442,1
DA:1443,1
DA:1444,1
DA:1445,1
DA:1449,1
DA:1450,1
DA:1452,1
DA:1453,1
DA:1456,1
DA:1457,1
DA:1458,1
DA:1459,1
DA:1460,1
DA:1463,1
DA:1464,1
DA:1465,1
DA:1466,1
DA:1467,1
DA:1470,1
DA:1471,1
DA:1472,1
DA:1473,1
DA:1474,1
DA:1478,1
DA:1480,1
DA:1481,1
DA:1482,1
DA:1483,1
DA:1484,1
DA:1486,1
DA:1487,1
DA:1488,1
DA:1489,1
DA:1490,1
DA:1491,1
DA:1492,1
DA:1493,1
DA:1494,1
DA:1495,1
DA:1498,1
DA:1500,1
DA:1501,1
DA:1502,1
DA:1503,1
DA:1504,1
DA:1506,1
DA:1507,1
DA:1508,1
DA:1509,1
DA:1510,1
DA:1511,1
DA:1512,1
DA:1513,1
DA:1514,1
DA:1515,1
DA:1518,1
DA:1520,1
DA:1521,1
DA:1522,1
DA:1523,1
DA:1525,1
DA:1526,1
DA:1527,1
DA:1528,1
DA:1529,1
DA:1530,1
DA:1531,1
DA:1532,1
DA:1533,1
DA:1534,1
DA:1537,1
DA:1539,1
DA:1540,1
DA:1541,1
DA:1542,1
DA:1543,1
DA:1545,1
DA:1546,1
DA:1547,1
DA:1548,1
DA:1549,1
DA:1550,1
DA:1551,1
DA:1552,1
DA:1553,1
DA:1554,1
DA:1557,1
DA:1559,1
DA:1560,1
DA:1561,1
DA:1562,1
DA:1563,1
DA:1565,1
DA:1566,1
DA:1567,1
DA:1568,1
DA:1569,1
DA:1570,1
DA:1571,1
DA:1572,1
DA:1573,1
DA:1574,1
DA:1578,1
DA:1580,1
DA:1581,1
DA:1582,1
DA:1583,1
DA:1584,1
DA:1586,1
DA:1587,1
DA:1588,1
DA:1589,1
DA:1590,1
DA:1591,1
DA:1592,1
DA:1593,1
DA:1594,1
DA:1595,1
DA:1598,1
DA:1600,1
DA:1601,1
DA:1602,1
DA:1603,1
DA:1604,1
DA:1606,1
DA:1607,1
DA:1608,1
DA:1609,1
DA:1610,1
DA:1611,1
DA:1612,1
DA:1613,1
DA:1614,1
DA:1615,1
DA:1618,1
DA:1620,1
DA:1621,1
DA:1622,1
DA:1623,1
DA:1624,1
DA:1625,1
DA:1627,1
DA:1628,1
DA:1629,1
DA:1630,1
DA:1631,1
DA:1632,1
DA:1633,1
DA:1634,1
DA:1635,1
DA:1636,1
DA:1639,1
DA:1641,1
DA:1642,1
DA:1643,1
DA:1644,1
DA:1645,1
DA:1646,1
DA:1648,1
DA:1649,1
DA:1650,1
DA:1651,1
DA:1652,1
DA:1653,1
DA:1654,1
DA:1655,1
DA:1656,1
DA:1659,1
DA:1661,1
DA:1662,1
DA:1663,1
DA:1664,1
DA:1665,1
DA:1667,1
DA:1668,1
DA:1669,1
DA:1670,1
DA:1671,1
DA:1672,1
DA:1673,1
DA:1674,1
DA:1675,1
DA:1676,1
DA:1679,142
DA:1680,142
DA:1682,142
DA:1683,142
DA:1684,142
DA:1685,142
DA:1686,142
DA:1687,142
DA:1688,142
DA:1689,142
DA:1690,142
DA:1691,142
DA:1692,142
DA:1693,142
DA:1694,142
DA:1696,142
DA:1697,142
DA:1698,142
DA:1699,142
DA:1700,142
DA:1701,142
DA:1702,142
DA:1703,142
DA:1704,142
DA:1705,142
DA:1706,142
DA:1707,142
DA:1709,142
DA:1710,142
DA:1711,142
DA:1712,142
DA:1713,142
DA:1714,142
DA:1715,142
DA:1716,142
DA:1717,142
DA:1718,142
DA:1719,142
DA:1721,142
DA:1722,142
DA:1723,142
DA:1724,142
DA:1725,142
DA:1726,142
DA:1727,142
DA:1728,142
DA:1729,142
DA:1730,142
DA:1731,142
DA:1732,142
DA:1733,142
DA:1734,142
DA:1735,142
DA:1736,142
DA:1737,142
DA:1738,142
DA:1739,142
DA:1740,142
DA:1742,142
DA:1743,142
DA:1744,142
DA:1745,142
DA:1746,142
DA:1747,142
DA:1748,142
DA:1749,142
DA:1750,142
DA:1751,142
DA:1752,142
DA:1753,142
DA:1755,142
DA:1756,142
DA:1757,142
DA:1758,142
DA:1759,142
DA:1760,142
DA:1761,142
DA:1762,142
DA:1763,142
DA:1764,142
DA:1766,142
DA:1767,142
DA:1768,142
DA:1769,142
DA:1770,142
DA:1771,142
DA:1772,142
DA:1773,142
DA:1775,142
DA:1776,142
DA:1777,142
DA:1778,142
DA:1779,142
DA:1780,142
DA:1781,142
DA:1782,142
DA:1783,142
DA:1785,142
DA:1786,142
DA:1787,142
DA:1788,142
DA:1789,142
DA:1790,142
DA:1791,142
DA:1793,142
DA:1794,142
DA:1795,142
DA:1796,142
DA:1797,142
DA:1798,142
DA:1799,142
DA:1801,142
DA:1802,142
DA:1803,142
DA:1804,142
DA:1805,142
DA:1806,142
DA:1807,142
DA:1808,142
DA:1809,142
DA:1810,142
DA:1811,142
DA:1812,142
DA:1813,142
DA:1814,142
DA:1815,142
DA:1816,142
DA:1817,142
DA:1818,142
DA:1820,142
DA:1821,142
DA:1822,142
DA:1823,142
DA:1824,142
DA:1825,142
DA:1827,142
DA:1828,142
DA:1829,142
DA:1830,142
DA:1831,142
DA:1832,142
DA:1833,142
DA:1834,142
DA:1835,142
DA:1836,142
DA:1837,142
DA:1839,142
DA:1840,142
DA:1841,142
DA:1842,142
DA:1843,142
DA:1844,142
DA:1845,142
DA:1847,142
DA:1848,142
DA:1849,142
DA:1850,142
DA:1851,142
DA:1852,142
DA:1854,142
DA:1855,142
DA:1856,142
DA:1857,142
DA:1858,142
DA:1859,142
DA:1861,142
DA:1862,142
DA:1863,142
DA:1864,142
DA:1865,142
DA:1866,142
DA:1867,142
DA:1869,142
DA:1870,142
DA:1871,142
DA:1872,142
DA:1873,142
DA:1874,142
DA:1875,142
DA:1877,142
DA:1880,142
DA:1881,142
DA:1882,142
DA:1883,142
DA:1884,142
DA:1885,142
DA:1886,142
LF:1497
LH:1497
end_of_record
